2022-05-01 23:46:40,852:INFO:PyCaret Supervised Module
2022-05-01 23:46:40,852:INFO:ML Usecase: classification
2022-05-01 23:46:40,852:INFO:version 2.3.3
2022-05-01 23:46:40,852:INFO:Initializing setup()
2022-05-01 23:46:40,852:INFO:setup(target=0        0
1        0
2        0
3        0
4        0
        ..
73091    1
73092    1
73093    1
73094    1
73095    1
Name: aderencia_campanha, Length: 73096, dtype: int64, ml_usecase=classification, available_plots={'parameter': 'Hyperparameters', 'auc': 'AUC', 'confusion_matrix': 'Confusion Matrix', 'threshold': 'Threshold', 'pr': 'Precision Recall', 'error': 'Prediction Error', 'class_report': 'Class Report', 'rfe': 'Feature Selection', 'learning': 'Learning Curve', 'manifold': 'Manifold Learning', 'calibration': 'Calibration Curve', 'vc': 'Validation Curve', 'dimension': 'Dimensions', 'feature': 'Feature Importance', 'feature_all': 'Feature Importance (All)', 'boundary': 'Decision Boundary', 'lift': 'Lift Chart', 'gain': 'Gain Chart', 'tree': 'Decision Tree', 'ks': 'KS Statistic Plot'}, train_size=0.7, test_data=None, preprocess=True, imputation_type=simple, iterative_imputation_iters=5, categorical_features=None, categorical_imputation=constant, categorical_iterative_imputer=lightgbm, ordinal_features=None, high_cardinality_features=None, high_cardinality_method=frequency, numeric_features=None, numeric_imputation=mean, numeric_iterative_imputer=lightgbm, date_features=None, ignore_features=None, normalize=False, normalize_method=zscore, transformation=False, transformation_method=yeo-johnson, handle_unknown_categorical=True, unknown_categorical_method=least_frequent, pca=False, pca_method=linear, pca_components=None, ignore_low_variance=False, combine_rare_levels=False, rare_level_threshold=0.1, bin_numeric_features=None, remove_outliers=False, outliers_threshold=0.05, remove_multicollinearity=False, multicollinearity_threshold=0.9, remove_perfect_collinearity=True, create_clusters=False, cluster_iter=20, polynomial_features=False, polynomial_degree=2, trigonometry_features=False, polynomial_threshold=0.1, group_features=None, group_names=None, feature_selection=False, feature_selection_threshold=0.8, feature_selection_method=classic, feature_interaction=False, feature_ratio=False, interaction_threshold=0.01, fix_imbalance=False, fix_imbalance_method=None, transform_target=False, transform_target_method=box-cox, data_split_shuffle=True, data_split_stratify=False, fold_strategy=stratifiedkfold, fold=10, fold_shuffle=False, fold_groups=None, n_jobs=-1, use_gpu=False, custom_pipeline=None, html=True, session_id=33, log_experiment=False, experiment_name=None, log_plots=False, log_profile=False, log_data=False, silent=True, verbose=True, profile=False, profile_kwargs=None, display=None)
2022-05-01 23:46:40,852:INFO:Checking environment
2022-05-01 23:46:40,852:INFO:python_version: 3.9.5
2022-05-01 23:46:40,852:INFO:python_build: ('default', 'Nov 18 2021 16:00:48')
2022-05-01 23:46:40,852:INFO:machine: x86_64
2022-05-01 23:46:40,875:INFO:platform: Linux-5.11.0-49-generic-x86_64-with-glibc2.33
2022-05-01 23:46:40,876:WARNING:cannot find psutil installation. memory not traceable. Install psutil using pip to enable memory logging.
2022-05-01 23:46:40,876:INFO:Checking libraries
2022-05-01 23:46:40,876:INFO:pd==1.4.2
2022-05-01 23:46:40,876:INFO:numpy==1.22.3
2022-05-01 23:46:40,876:INFO:sklearn==0.23.2
2022-05-01 23:46:40,876:INFO:lightgbm==3.2.1
2022-05-01 23:46:40,876:WARNING:catboost not found
2022-05-01 23:46:40,876:INFO:xgboost==1.5.0
2022-05-01 23:46:41,146:INFO:mlflow==1.20.2
2022-05-01 23:46:41,146:INFO:Checking Exceptions
2022-05-01 23:48:13,169:INFO:PyCaret Supervised Module
2022-05-01 23:48:13,169:INFO:ML Usecase: classification
2022-05-01 23:48:13,169:INFO:version 2.3.3
2022-05-01 23:48:13,169:INFO:Initializing setup()
2022-05-01 23:48:13,169:INFO:setup(target=aderencia_campanha, ml_usecase=classification, available_plots={'parameter': 'Hyperparameters', 'auc': 'AUC', 'confusion_matrix': 'Confusion Matrix', 'threshold': 'Threshold', 'pr': 'Precision Recall', 'error': 'Prediction Error', 'class_report': 'Class Report', 'rfe': 'Feature Selection', 'learning': 'Learning Curve', 'manifold': 'Manifold Learning', 'calibration': 'Calibration Curve', 'vc': 'Validation Curve', 'dimension': 'Dimensions', 'feature': 'Feature Importance', 'feature_all': 'Feature Importance (All)', 'boundary': 'Decision Boundary', 'lift': 'Lift Chart', 'gain': 'Gain Chart', 'tree': 'Decision Tree', 'ks': 'KS Statistic Plot'}, train_size=0.7, test_data=None, preprocess=True, imputation_type=simple, iterative_imputation_iters=5, categorical_features=None, categorical_imputation=constant, categorical_iterative_imputer=lightgbm, ordinal_features=None, high_cardinality_features=None, high_cardinality_method=frequency, numeric_features=None, numeric_imputation=mean, numeric_iterative_imputer=lightgbm, date_features=None, ignore_features=None, normalize=False, normalize_method=zscore, transformation=False, transformation_method=yeo-johnson, handle_unknown_categorical=True, unknown_categorical_method=least_frequent, pca=False, pca_method=linear, pca_components=None, ignore_low_variance=False, combine_rare_levels=False, rare_level_threshold=0.1, bin_numeric_features=None, remove_outliers=False, outliers_threshold=0.05, remove_multicollinearity=False, multicollinearity_threshold=0.9, remove_perfect_collinearity=True, create_clusters=False, cluster_iter=20, polynomial_features=False, polynomial_degree=2, trigonometry_features=False, polynomial_threshold=0.1, group_features=None, group_names=None, feature_selection=False, feature_selection_threshold=0.8, feature_selection_method=classic, feature_interaction=False, feature_ratio=False, interaction_threshold=0.01, fix_imbalance=False, fix_imbalance_method=None, transform_target=False, transform_target_method=box-cox, data_split_shuffle=True, data_split_stratify=False, fold_strategy=stratifiedkfold, fold=10, fold_shuffle=False, fold_groups=None, n_jobs=-1, use_gpu=False, custom_pipeline=None, html=True, session_id=33, log_experiment=False, experiment_name=None, log_plots=False, log_profile=False, log_data=False, silent=True, verbose=True, profile=False, profile_kwargs=None, display=None)
2022-05-01 23:48:13,170:INFO:Checking environment
2022-05-01 23:48:13,170:INFO:python_version: 3.9.5
2022-05-01 23:48:13,170:INFO:python_build: ('default', 'Nov 18 2021 16:00:48')
2022-05-01 23:48:13,170:INFO:machine: x86_64
2022-05-01 23:48:13,170:INFO:platform: Linux-5.11.0-49-generic-x86_64-with-glibc2.33
2022-05-01 23:48:13,170:WARNING:cannot find psutil installation. memory not traceable. Install psutil using pip to enable memory logging.
2022-05-01 23:48:13,170:INFO:Checking libraries
2022-05-01 23:48:13,170:INFO:pd==1.4.2
2022-05-01 23:48:13,170:INFO:numpy==1.22.3
2022-05-01 23:48:13,170:INFO:sklearn==0.23.2
2022-05-01 23:48:13,170:INFO:lightgbm==3.2.1
2022-05-01 23:48:13,170:WARNING:catboost not found
2022-05-01 23:48:13,170:INFO:xgboost==1.5.0
2022-05-01 23:48:13,170:INFO:mlflow==1.20.2
2022-05-01 23:48:13,170:INFO:Checking Exceptions
2022-05-01 23:48:13,171:INFO:Declaring global variables
2022-05-01 23:48:13,171:INFO:USI: df40
2022-05-01 23:48:13,171:INFO:pycaret_globals: {'fix_imbalance_method_param', '_all_metrics', 'log_plots_param', 'stratify_param', 'y_test', 'y_train', 'imputation_regressor', 'prep_pipe', '_ml_usecase', 'fold_groups_param', 'display_container', 'X', '_internal_pipeline', 'gpu_param', '_all_models', 'fold_generator', 'fold_param', 'pycaret_globals', '_all_models_internal', 'data_before_preprocess', 'X_test', 'transform_target_param', 'y', 'exp_name_log', 'iterative_imputation_iters_param', 'USI', 'logging_param', '_gpu_n_jobs_param', 'transform_target_method_param', 'fold_groups_param_full', 'master_model_container', 'n_jobs_param', 'fold_shuffle_param', 'experiment__', 'create_model_container', 'imputation_classifier', 'html_param', 'X_train', '_available_plots', 'seed', 'target_param', 'fix_imbalance_param'}
2022-05-01 23:48:13,171:INFO:Preparing display monitor
2022-05-01 23:48:13,171:INFO:Preparing display monitor
2022-05-01 23:48:13,191:INFO:Importing libraries
2022-05-01 23:48:13,191:INFO:Copying data for preprocessing
2022-05-01 23:48:13,200:INFO:Declaring preprocessing parameters
2022-05-01 23:48:13,210:INFO:Creating preprocessing pipeline
2022-05-01 23:48:13,305:INFO:Preprocessing pipeline created successfully
2022-05-01 23:48:13,305:ERROR:(Process Exit): setup has been interupted with user command 'quit'. setup must rerun.
2022-05-01 23:48:13,305:INFO:Creating global containers
2022-05-01 23:48:13,305:INFO:Internal pipeline: Pipeline(memory=None, steps=[('empty_step', 'passthrough')], verbose=False)
2022-05-01 23:48:18,149:WARNING:Couldn't import catboost.CatBoostClassifier
2022-05-01 23:48:18,194:WARNING:Couldn't import catboost.CatBoostClassifier
2022-05-01 23:48:18,194:INFO:Creating grid variables
2022-05-01 23:48:18,203:INFO:create_model_container: 0
2022-05-01 23:48:18,203:INFO:master_model_container: 0
2022-05-01 23:48:18,203:INFO:display_container: 1
2022-05-01 23:48:18,206:INFO:Pipeline(memory=None,
         steps=[('dtypes',
                 DataTypes_Auto_infer(categorical_features=[],
                                      display_types=False, features_todrop=[],
                                      id_columns=[],
                                      ml_usecase='classification',
                                      numerical_features=[],
                                      target='aderencia_campanha',
                                      time_features=[])),
                ('imputer',
                 Simple_Imputer(categorical_strategy='not_available',
                                fill_value_categorical=None,
                                fill_value_numerical=None,...
                ('scaling', 'passthrough'), ('P_transform', 'passthrough'),
                ('binn', 'passthrough'), ('rem_outliers', 'passthrough'),
                ('cluster_all', 'passthrough'),
                ('dummy', Dummify(target='aderencia_campanha')),
                ('fix_perfect', Remove_100(target='aderencia_campanha')),
                ('clean_names', Clean_Colum_Names()),
                ('feature_select', 'passthrough'), ('fix_multi', 'passthrough'),
                ('dfs', 'passthrough'), ('pca', 'passthrough')],
         verbose=False)
2022-05-01 23:48:18,206:INFO:setup() succesfully completed......................................
2022-05-01 23:48:40,550:INFO:Initializing compare_models()
2022-05-01 23:48:40,551:INFO:compare_models(include=None, fold=None, round=4, cross_validation=True, sort=Accuracy, n_select=1, budget_time=None, turbo=True, errors=ignore, fit_kwargs=None, groups=None, verbose=True, display=None, exclude=None)
2022-05-01 23:48:40,551:INFO:Checking exceptions
2022-05-01 23:48:40,552:INFO:Preparing display monitor
2022-05-01 23:48:40,552:INFO:Preparing display monitor
2022-05-01 23:48:40,567:INFO:Initializing Logistic Regression
2022-05-01 23:48:40,567:INFO:Total runtime is 1.7563501993815103e-06 minutes
2022-05-01 23:48:40,572:INFO:SubProcess create_model() called ==================================
2022-05-01 23:48:40,573:INFO:Initializing create_model()
2022-05-01 23:48:40,573:INFO:create_model(estimator=lr, fold=StratifiedKFold(n_splits=10, random_state=None, shuffle=False), round=4, cross_validation=True, predict=True, fit_kwargs={}, groups=None, refit=False, verbose=False, system=False, metrics=None, display=<pycaret.internal.Display.Display object at 0x7f423c893490>, kwargs={})
2022-05-01 23:48:40,573:INFO:Checking exceptions
2022-05-01 23:48:40,573:INFO:Importing libraries
2022-05-01 23:48:40,573:INFO:Copying training dataset
2022-05-01 23:48:40,576:INFO:Defining folds
2022-05-01 23:48:40,577:INFO:Declaring metric variables
2022-05-01 23:48:40,581:INFO:Importing untrained model
2022-05-01 23:48:40,585:INFO:Logistic Regression Imported succesfully
2022-05-01 23:48:40,593:INFO:Starting cross validation
2022-05-01 23:48:40,594:INFO:Cross validating with StratifiedKFold(n_splits=10, random_state=None, shuffle=False), n_jobs=-1
2022-05-01 23:49:02,366:INFO:Calculating mean and std
2022-05-01 23:49:02,367:INFO:Creating metrics dataframe
2022-05-01 23:49:02,410:INFO:Uploading results into container
2022-05-01 23:49:02,411:INFO:Uploading model into container now
2022-05-01 23:49:02,411:INFO:create_model_container: 1
2022-05-01 23:49:02,411:INFO:master_model_container: 1
2022-05-01 23:49:02,411:INFO:display_container: 2
2022-05-01 23:49:02,411:INFO:LogisticRegression(C=1.0, class_weight=None, dual=False, fit_intercept=True,
                   intercept_scaling=1, l1_ratio=None, max_iter=1000,
                   multi_class='auto', n_jobs=None, penalty='l2',
                   random_state=33, solver='lbfgs', tol=0.0001, verbose=0,
                   warm_start=False)
2022-05-01 23:49:02,411:INFO:create_model() succesfully completed......................................
2022-05-01 23:49:02,491:WARNING:create_model() for LogisticRegression(C=1.0, class_weight=None, dual=False, fit_intercept=True,
                   intercept_scaling=1, l1_ratio=None, max_iter=1000,
                   multi_class='auto', n_jobs=None, penalty='l2',
                   random_state=33, solver='lbfgs', tol=0.0001, verbose=0,
                   warm_start=False) raised an exception or returned all 0.0, trying without fit_kwargs:
2022-05-01 23:49:02,491:WARNING:Traceback (most recent call last):
  File "/home/luis/.local/lib/python3.9/site-packages/pycaret/internal/tabular.py", line 2179, in compare_models
    assert np.sum(model_results.iloc[0]) != 0.0
AssertionError

2022-05-01 23:49:02,491:INFO:Initializing create_model()
2022-05-01 23:49:02,491:INFO:create_model(estimator=LogisticRegression(C=1.0, class_weight=None, dual=False, fit_intercept=True,
                   intercept_scaling=1, l1_ratio=None, max_iter=1000,
                   multi_class='auto', n_jobs=None, penalty='l2',
                   random_state=33, solver='lbfgs', tol=0.0001, verbose=0,
                   warm_start=False), fold=StratifiedKFold(n_splits=10, random_state=None, shuffle=False), round=4, cross_validation=True, predict=True, fit_kwargs=None, groups=None, refit=False, verbose=False, system=False, metrics=None, display=<pycaret.internal.Display.Display object at 0x7f423c893490>, kwargs={})
2022-05-01 23:49:02,492:INFO:Checking exceptions
2022-05-01 23:49:02,492:INFO:Importing libraries
2022-05-01 23:49:02,492:INFO:Copying training dataset
2022-05-01 23:49:02,493:INFO:Defining folds
2022-05-01 23:49:02,493:INFO:Declaring metric variables
2022-05-01 23:49:02,498:INFO:Importing untrained model
2022-05-01 23:49:02,498:INFO:Declaring custom model
2022-05-01 23:49:02,501:INFO:Logistic Regression Imported succesfully
2022-05-01 23:49:02,508:INFO:Starting cross validation
2022-05-01 23:49:02,509:INFO:Cross validating with StratifiedKFold(n_splits=10, random_state=None, shuffle=False), n_jobs=-1
2022-05-01 23:49:23,523:INFO:Calculating mean and std
2022-05-01 23:49:23,524:INFO:Creating metrics dataframe
2022-05-01 23:49:23,541:INFO:Uploading results into container
2022-05-01 23:49:23,541:INFO:Uploading model into container now
2022-05-01 23:49:23,541:INFO:create_model_container: 2
2022-05-01 23:49:23,541:INFO:master_model_container: 2
2022-05-01 23:49:23,541:INFO:display_container: 2
2022-05-01 23:49:23,542:INFO:LogisticRegression(C=1.0, class_weight=None, dual=False, fit_intercept=True,
                   intercept_scaling=1, l1_ratio=None, max_iter=1000,
                   multi_class='auto', n_jobs=None, penalty='l2',
                   random_state=33, solver='lbfgs', tol=0.0001, verbose=0,
                   warm_start=False)
2022-05-01 23:49:23,542:INFO:create_model() succesfully completed......................................
2022-05-01 23:49:23,616:INFO:SubProcess create_model() end ==================================
2022-05-01 23:49:23,616:INFO:Creating metrics dataframe
2022-05-01 23:49:23,627:INFO:Initializing K Neighbors Classifier
2022-05-01 23:49:23,628:INFO:Total runtime is 0.7176787853240967 minutes
2022-05-01 23:49:23,632:INFO:SubProcess create_model() called ==================================
2022-05-01 23:49:23,632:INFO:Initializing create_model()
2022-05-01 23:49:23,632:INFO:create_model(estimator=knn, fold=StratifiedKFold(n_splits=10, random_state=None, shuffle=False), round=4, cross_validation=True, predict=True, fit_kwargs={}, groups=None, refit=False, verbose=False, system=False, metrics=None, display=<pycaret.internal.Display.Display object at 0x7f423c893490>, kwargs={})
2022-05-01 23:49:23,632:INFO:Checking exceptions
2022-05-01 23:49:23,632:INFO:Importing libraries
2022-05-01 23:49:23,632:INFO:Copying training dataset
2022-05-01 23:49:23,634:INFO:Defining folds
2022-05-01 23:49:23,634:INFO:Declaring metric variables
2022-05-01 23:49:23,638:INFO:Importing untrained model
2022-05-01 23:49:23,641:INFO:K Neighbors Classifier Imported succesfully
2022-05-01 23:49:23,648:INFO:Starting cross validation
2022-05-01 23:49:23,648:INFO:Cross validating with StratifiedKFold(n_splits=10, random_state=None, shuffle=False), n_jobs=-1
2022-05-01 23:49:29,630:INFO:Calculating mean and std
2022-05-01 23:49:29,630:INFO:Creating metrics dataframe
2022-05-01 23:49:29,672:INFO:Uploading results into container
2022-05-01 23:49:29,672:INFO:Uploading model into container now
2022-05-01 23:49:29,672:INFO:create_model_container: 3
2022-05-01 23:49:29,672:INFO:master_model_container: 3
2022-05-01 23:49:29,672:INFO:display_container: 2
2022-05-01 23:49:29,672:INFO:KNeighborsClassifier(algorithm='auto', leaf_size=30, metric='minkowski',
                     metric_params=None, n_jobs=-1, n_neighbors=5, p=2,
                     weights='uniform')
2022-05-01 23:49:29,672:INFO:create_model() succesfully completed......................................
2022-05-01 23:49:29,747:INFO:SubProcess create_model() end ==================================
2022-05-01 23:49:29,747:INFO:Creating metrics dataframe
2022-05-01 23:49:29,759:INFO:Initializing Naive Bayes
2022-05-01 23:49:29,759:INFO:Total runtime is 0.8198671142260233 minutes
2022-05-01 23:49:29,763:INFO:SubProcess create_model() called ==================================
2022-05-01 23:49:29,763:INFO:Initializing create_model()
2022-05-01 23:49:29,763:INFO:create_model(estimator=nb, fold=StratifiedKFold(n_splits=10, random_state=None, shuffle=False), round=4, cross_validation=True, predict=True, fit_kwargs={}, groups=None, refit=False, verbose=False, system=False, metrics=None, display=<pycaret.internal.Display.Display object at 0x7f423c893490>, kwargs={})
2022-05-01 23:49:29,763:INFO:Checking exceptions
2022-05-01 23:49:29,763:INFO:Importing libraries
2022-05-01 23:49:29,763:INFO:Copying training dataset
2022-05-01 23:49:29,764:INFO:Defining folds
2022-05-01 23:49:29,764:INFO:Declaring metric variables
2022-05-01 23:49:29,768:INFO:Importing untrained model
2022-05-01 23:49:29,771:INFO:Naive Bayes Imported succesfully
2022-05-01 23:49:29,777:INFO:Starting cross validation
2022-05-01 23:49:29,778:INFO:Cross validating with StratifiedKFold(n_splits=10, random_state=None, shuffle=False), n_jobs=-1
2022-05-01 23:49:30,117:INFO:Calculating mean and std
2022-05-01 23:49:30,118:INFO:Creating metrics dataframe
2022-05-01 23:49:30,151:INFO:Uploading results into container
2022-05-01 23:49:30,151:INFO:Uploading model into container now
2022-05-01 23:49:30,151:INFO:create_model_container: 4
2022-05-01 23:49:30,151:INFO:master_model_container: 4
2022-05-01 23:49:30,151:INFO:display_container: 2
2022-05-01 23:49:30,152:INFO:GaussianNB(priors=None, var_smoothing=1e-09)
2022-05-01 23:49:30,152:INFO:create_model() succesfully completed......................................
2022-05-01 23:49:30,237:INFO:SubProcess create_model() end ==================================
2022-05-01 23:49:30,237:INFO:Creating metrics dataframe
2022-05-01 23:49:30,250:INFO:Initializing Decision Tree Classifier
2022-05-01 23:49:30,250:INFO:Total runtime is 0.8280490597089132 minutes
2022-05-01 23:49:30,253:INFO:SubProcess create_model() called ==================================
2022-05-01 23:49:30,254:INFO:Initializing create_model()
2022-05-01 23:49:30,254:INFO:create_model(estimator=dt, fold=StratifiedKFold(n_splits=10, random_state=None, shuffle=False), round=4, cross_validation=True, predict=True, fit_kwargs={}, groups=None, refit=False, verbose=False, system=False, metrics=None, display=<pycaret.internal.Display.Display object at 0x7f423c893490>, kwargs={})
2022-05-01 23:49:30,254:INFO:Checking exceptions
2022-05-01 23:49:30,254:INFO:Importing libraries
2022-05-01 23:49:30,254:INFO:Copying training dataset
2022-05-01 23:49:30,255:INFO:Defining folds
2022-05-01 23:49:30,255:INFO:Declaring metric variables
2022-05-01 23:49:30,258:INFO:Importing untrained model
2022-05-01 23:49:30,262:INFO:Decision Tree Classifier Imported succesfully
2022-05-01 23:49:30,268:INFO:Starting cross validation
2022-05-01 23:49:30,268:INFO:Cross validating with StratifiedKFold(n_splits=10, random_state=None, shuffle=False), n_jobs=-1
2022-05-01 23:49:31,004:INFO:Calculating mean and std
2022-05-01 23:49:31,006:INFO:Creating metrics dataframe
2022-05-01 23:49:31,030:INFO:Uploading results into container
2022-05-01 23:49:31,030:INFO:Uploading model into container now
2022-05-01 23:49:31,030:INFO:create_model_container: 5
2022-05-01 23:49:31,030:INFO:master_model_container: 5
2022-05-01 23:49:31,030:INFO:display_container: 2
2022-05-01 23:49:31,031:INFO:DecisionTreeClassifier(ccp_alpha=0.0, class_weight=None, criterion='gini',
                       max_depth=None, max_features=None, max_leaf_nodes=None,
                       min_impurity_decrease=0.0, min_impurity_split=None,
                       min_samples_leaf=1, min_samples_split=2,
                       min_weight_fraction_leaf=0.0, presort='deprecated',
                       random_state=33, splitter='best')
2022-05-01 23:49:31,031:INFO:create_model() succesfully completed......................................
2022-05-01 23:49:31,107:INFO:SubProcess create_model() end ==================================
2022-05-01 23:49:31,107:INFO:Creating metrics dataframe
2022-05-01 23:49:31,120:INFO:Initializing SVM - Linear Kernel
2022-05-01 23:49:31,120:INFO:Total runtime is 0.8425463596979778 minutes
2022-05-01 23:49:31,124:INFO:SubProcess create_model() called ==================================
2022-05-01 23:49:31,124:INFO:Initializing create_model()
2022-05-01 23:49:31,124:INFO:create_model(estimator=svm, fold=StratifiedKFold(n_splits=10, random_state=None, shuffle=False), round=4, cross_validation=True, predict=True, fit_kwargs={}, groups=None, refit=False, verbose=False, system=False, metrics=None, display=<pycaret.internal.Display.Display object at 0x7f423c893490>, kwargs={})
2022-05-01 23:49:31,124:INFO:Checking exceptions
2022-05-01 23:49:31,124:INFO:Importing libraries
2022-05-01 23:49:31,124:INFO:Copying training dataset
2022-05-01 23:49:31,125:INFO:Defining folds
2022-05-01 23:49:31,126:INFO:Declaring metric variables
2022-05-01 23:49:31,129:INFO:Importing untrained model
2022-05-01 23:49:31,132:INFO:SVM - Linear Kernel Imported succesfully
2022-05-01 23:49:31,140:INFO:Starting cross validation
2022-05-01 23:49:31,140:INFO:Cross validating with StratifiedKFold(n_splits=10, random_state=None, shuffle=False), n_jobs=-1
2022-05-01 23:49:38,220:INFO:Calculating mean and std
2022-05-01 23:49:38,221:INFO:Creating metrics dataframe
2022-05-01 23:49:38,234:INFO:Uploading results into container
2022-05-01 23:49:38,234:INFO:Uploading model into container now
2022-05-01 23:49:38,234:INFO:create_model_container: 6
2022-05-01 23:49:38,234:INFO:master_model_container: 6
2022-05-01 23:49:38,234:INFO:display_container: 2
2022-05-01 23:49:38,235:INFO:SGDClassifier(alpha=0.0001, average=False, class_weight=None,
              early_stopping=False, epsilon=0.1, eta0=0.001, fit_intercept=True,
              l1_ratio=0.15, learning_rate='optimal', loss='hinge',
              max_iter=1000, n_iter_no_change=5, n_jobs=-1, penalty='l2',
              power_t=0.5, random_state=33, shuffle=True, tol=0.001,
              validation_fraction=0.1, verbose=0, warm_start=False)
2022-05-01 23:49:38,235:INFO:create_model() succesfully completed......................................
2022-05-01 23:49:38,309:INFO:SubProcess create_model() end ==================================
2022-05-01 23:49:38,309:INFO:Creating metrics dataframe
2022-05-01 23:49:38,322:INFO:Initializing Ridge Classifier
2022-05-01 23:49:38,322:INFO:Total runtime is 0.9625866850217184 minutes
2022-05-01 23:49:38,327:INFO:SubProcess create_model() called ==================================
2022-05-01 23:49:38,327:INFO:Initializing create_model()
2022-05-01 23:49:38,327:INFO:create_model(estimator=ridge, fold=StratifiedKFold(n_splits=10, random_state=None, shuffle=False), round=4, cross_validation=True, predict=True, fit_kwargs={}, groups=None, refit=False, verbose=False, system=False, metrics=None, display=<pycaret.internal.Display.Display object at 0x7f423c893490>, kwargs={})
2022-05-01 23:49:38,327:INFO:Checking exceptions
2022-05-01 23:49:38,327:INFO:Importing libraries
2022-05-01 23:49:38,327:INFO:Copying training dataset
2022-05-01 23:49:38,329:INFO:Defining folds
2022-05-01 23:49:38,329:INFO:Declaring metric variables
2022-05-01 23:49:38,333:INFO:Importing untrained model
2022-05-01 23:49:38,337:INFO:Ridge Classifier Imported succesfully
2022-05-01 23:49:38,345:INFO:Starting cross validation
2022-05-01 23:49:38,345:INFO:Cross validating with StratifiedKFold(n_splits=10, random_state=None, shuffle=False), n_jobs=-1
2022-05-01 23:49:38,709:INFO:Calculating mean and std
2022-05-01 23:49:38,710:INFO:Creating metrics dataframe
2022-05-01 23:49:38,744:INFO:Uploading results into container
2022-05-01 23:49:38,744:INFO:Uploading model into container now
2022-05-01 23:49:38,744:INFO:create_model_container: 7
2022-05-01 23:49:38,744:INFO:master_model_container: 7
2022-05-01 23:49:38,744:INFO:display_container: 2
2022-05-01 23:49:38,745:INFO:RidgeClassifier(alpha=1.0, class_weight=None, copy_X=True, fit_intercept=True,
                max_iter=None, normalize=False, random_state=33, solver='auto',
                tol=0.001)
2022-05-01 23:49:38,745:INFO:create_model() succesfully completed......................................
2022-05-01 23:49:38,831:INFO:SubProcess create_model() end ==================================
2022-05-01 23:49:38,831:INFO:Creating metrics dataframe
2022-05-01 23:49:38,843:INFO:Initializing Random Forest Classifier
2022-05-01 23:49:38,843:INFO:Total runtime is 0.9712767839431763 minutes
2022-05-01 23:49:38,847:INFO:SubProcess create_model() called ==================================
2022-05-01 23:49:38,847:INFO:Initializing create_model()
2022-05-01 23:49:38,847:INFO:create_model(estimator=rf, fold=StratifiedKFold(n_splits=10, random_state=None, shuffle=False), round=4, cross_validation=True, predict=True, fit_kwargs={}, groups=None, refit=False, verbose=False, system=False, metrics=None, display=<pycaret.internal.Display.Display object at 0x7f423c893490>, kwargs={})
2022-05-01 23:49:38,848:INFO:Checking exceptions
2022-05-01 23:49:38,848:INFO:Importing libraries
2022-05-01 23:49:38,848:INFO:Copying training dataset
2022-05-01 23:49:38,849:INFO:Defining folds
2022-05-01 23:49:38,849:INFO:Declaring metric variables
2022-05-01 23:49:38,852:INFO:Importing untrained model
2022-05-01 23:49:38,855:INFO:Random Forest Classifier Imported succesfully
2022-05-01 23:49:38,874:INFO:Starting cross validation
2022-05-01 23:49:38,874:INFO:Cross validating with StratifiedKFold(n_splits=10, random_state=None, shuffle=False), n_jobs=-1
2022-05-01 23:49:48,154:INFO:Calculating mean and std
2022-05-01 23:49:48,155:INFO:Creating metrics dataframe
2022-05-01 23:49:48,189:INFO:Uploading results into container
2022-05-01 23:49:48,189:INFO:Uploading model into container now
2022-05-01 23:49:48,189:INFO:create_model_container: 8
2022-05-01 23:49:48,189:INFO:master_model_container: 8
2022-05-01 23:49:48,189:INFO:display_container: 2
2022-05-01 23:49:48,190:INFO:RandomForestClassifier(bootstrap=True, ccp_alpha=0.0, class_weight=None,
                       criterion='gini', max_depth=None, max_features='auto',
                       max_leaf_nodes=None, max_samples=None,
                       min_impurity_decrease=0.0, min_impurity_split=None,
                       min_samples_leaf=1, min_samples_split=2,
                       min_weight_fraction_leaf=0.0, n_estimators=100,
                       n_jobs=-1, oob_score=False, random_state=33, verbose=0,
                       warm_start=False)
2022-05-01 23:49:48,190:INFO:create_model() succesfully completed......................................
2022-05-01 23:49:48,264:INFO:SubProcess create_model() end ==================================
2022-05-01 23:49:48,264:INFO:Creating metrics dataframe
2022-05-01 23:49:48,276:INFO:Initializing Quadratic Discriminant Analysis
2022-05-01 23:49:48,276:INFO:Total runtime is 1.1284868439038596 minutes
2022-05-01 23:49:48,280:INFO:SubProcess create_model() called ==================================
2022-05-01 23:49:48,280:INFO:Initializing create_model()
2022-05-01 23:49:48,280:INFO:create_model(estimator=qda, fold=StratifiedKFold(n_splits=10, random_state=None, shuffle=False), round=4, cross_validation=True, predict=True, fit_kwargs={}, groups=None, refit=False, verbose=False, system=False, metrics=None, display=<pycaret.internal.Display.Display object at 0x7f423c893490>, kwargs={})
2022-05-01 23:49:48,280:INFO:Checking exceptions
2022-05-01 23:49:48,280:INFO:Importing libraries
2022-05-01 23:49:48,280:INFO:Copying training dataset
2022-05-01 23:49:48,281:INFO:Defining folds
2022-05-01 23:49:48,281:INFO:Declaring metric variables
2022-05-01 23:49:48,285:INFO:Importing untrained model
2022-05-01 23:49:48,288:INFO:Quadratic Discriminant Analysis Imported succesfully
2022-05-01 23:49:48,294:INFO:Starting cross validation
2022-05-01 23:49:48,295:INFO:Cross validating with StratifiedKFold(n_splits=10, random_state=None, shuffle=False), n_jobs=-1
2022-05-01 23:49:50,191:INFO:Calculating mean and std
2022-05-01 23:49:50,192:INFO:Creating metrics dataframe
2022-05-01 23:49:50,225:INFO:Uploading results into container
2022-05-01 23:49:50,225:INFO:Uploading model into container now
2022-05-01 23:49:50,225:INFO:create_model_container: 9
2022-05-01 23:49:50,225:INFO:master_model_container: 9
2022-05-01 23:49:50,225:INFO:display_container: 2
2022-05-01 23:49:50,225:INFO:QuadraticDiscriminantAnalysis(priors=None, reg_param=0.0,
                              store_covariance=False, tol=0.0001)
2022-05-01 23:49:50,226:INFO:create_model() succesfully completed......................................
2022-05-01 23:49:50,321:INFO:SubProcess create_model() end ==================================
2022-05-01 23:49:50,321:INFO:Creating metrics dataframe
2022-05-01 23:49:50,335:INFO:Initializing Ada Boost Classifier
2022-05-01 23:49:50,335:INFO:Total runtime is 1.162798603375753 minutes
2022-05-01 23:49:50,341:INFO:SubProcess create_model() called ==================================
2022-05-01 23:49:50,341:INFO:Initializing create_model()
2022-05-01 23:49:50,341:INFO:create_model(estimator=ada, fold=StratifiedKFold(n_splits=10, random_state=None, shuffle=False), round=4, cross_validation=True, predict=True, fit_kwargs={}, groups=None, refit=False, verbose=False, system=False, metrics=None, display=<pycaret.internal.Display.Display object at 0x7f423c893490>, kwargs={})
2022-05-01 23:49:50,341:INFO:Checking exceptions
2022-05-01 23:49:50,341:INFO:Importing libraries
2022-05-01 23:49:50,341:INFO:Copying training dataset
2022-05-01 23:49:50,343:INFO:Defining folds
2022-05-01 23:49:50,343:INFO:Declaring metric variables
2022-05-01 23:49:50,346:INFO:Importing untrained model
2022-05-01 23:49:50,349:INFO:Ada Boost Classifier Imported succesfully
2022-05-01 23:49:50,358:INFO:Starting cross validation
2022-05-01 23:49:50,358:INFO:Cross validating with StratifiedKFold(n_splits=10, random_state=None, shuffle=False), n_jobs=-1
2022-05-01 23:49:54,842:INFO:Calculating mean and std
2022-05-01 23:49:54,843:INFO:Creating metrics dataframe
2022-05-01 23:49:54,864:INFO:Uploading results into container
2022-05-01 23:49:54,864:INFO:Uploading model into container now
2022-05-01 23:49:54,864:INFO:create_model_container: 10
2022-05-01 23:49:54,864:INFO:master_model_container: 10
2022-05-01 23:49:54,864:INFO:display_container: 2
2022-05-01 23:49:54,864:INFO:AdaBoostClassifier(algorithm='SAMME.R', base_estimator=None, learning_rate=1.0,
                   n_estimators=50, random_state=33)
2022-05-01 23:49:54,864:INFO:create_model() succesfully completed......................................
2022-05-01 23:49:54,938:INFO:SubProcess create_model() end ==================================
2022-05-01 23:49:54,939:INFO:Creating metrics dataframe
2022-05-01 23:49:54,951:INFO:Initializing Gradient Boosting Classifier
2022-05-01 23:49:54,951:INFO:Total runtime is 1.2397356986999513 minutes
2022-05-01 23:49:54,955:INFO:SubProcess create_model() called ==================================
2022-05-01 23:49:54,955:INFO:Initializing create_model()
2022-05-01 23:49:54,955:INFO:create_model(estimator=gbc, fold=StratifiedKFold(n_splits=10, random_state=None, shuffle=False), round=4, cross_validation=True, predict=True, fit_kwargs={}, groups=None, refit=False, verbose=False, system=False, metrics=None, display=<pycaret.internal.Display.Display object at 0x7f423c893490>, kwargs={})
2022-05-01 23:49:54,955:INFO:Checking exceptions
2022-05-01 23:49:54,955:INFO:Importing libraries
2022-05-01 23:49:54,956:INFO:Copying training dataset
2022-05-01 23:49:54,957:INFO:Defining folds
2022-05-01 23:49:54,957:INFO:Declaring metric variables
2022-05-01 23:49:54,961:INFO:Importing untrained model
2022-05-01 23:49:54,965:INFO:Gradient Boosting Classifier Imported succesfully
2022-05-01 23:49:54,972:INFO:Starting cross validation
2022-05-01 23:49:54,972:INFO:Cross validating with StratifiedKFold(n_splits=10, random_state=None, shuffle=False), n_jobs=-1
2022-05-01 23:50:10,700:INFO:Calculating mean and std
2022-05-01 23:50:10,701:INFO:Creating metrics dataframe
2022-05-01 23:50:10,728:INFO:Uploading results into container
2022-05-01 23:50:10,728:INFO:Uploading model into container now
2022-05-01 23:50:10,728:INFO:create_model_container: 11
2022-05-01 23:50:10,728:INFO:master_model_container: 11
2022-05-01 23:50:10,728:INFO:display_container: 2
2022-05-01 23:50:10,729:INFO:GradientBoostingClassifier(ccp_alpha=0.0, criterion='friedman_mse', init=None,
                           learning_rate=0.1, loss='deviance', max_depth=3,
                           max_features=None, max_leaf_nodes=None,
                           min_impurity_decrease=0.0, min_impurity_split=None,
                           min_samples_leaf=1, min_samples_split=2,
                           min_weight_fraction_leaf=0.0, n_estimators=100,
                           n_iter_no_change=None, presort='deprecated',
                           random_state=33, subsample=1.0, tol=0.0001,
                           validation_fraction=0.1, verbose=0,
                           warm_start=False)
2022-05-01 23:50:10,729:INFO:create_model() succesfully completed......................................
2022-05-01 23:50:10,806:INFO:SubProcess create_model() end ==================================
2022-05-01 23:50:10,806:INFO:Creating metrics dataframe
2022-05-01 23:50:10,819:INFO:Initializing Linear Discriminant Analysis
2022-05-01 23:50:10,819:INFO:Total runtime is 1.5041998267173768 minutes
2022-05-01 23:50:10,823:INFO:SubProcess create_model() called ==================================
2022-05-01 23:50:10,824:INFO:Initializing create_model()
2022-05-01 23:50:10,824:INFO:create_model(estimator=lda, fold=StratifiedKFold(n_splits=10, random_state=None, shuffle=False), round=4, cross_validation=True, predict=True, fit_kwargs={}, groups=None, refit=False, verbose=False, system=False, metrics=None, display=<pycaret.internal.Display.Display object at 0x7f423c893490>, kwargs={})
2022-05-01 23:50:10,824:INFO:Checking exceptions
2022-05-01 23:50:10,824:INFO:Importing libraries
2022-05-01 23:50:10,824:INFO:Copying training dataset
2022-05-01 23:50:10,825:INFO:Defining folds
2022-05-01 23:50:10,825:INFO:Declaring metric variables
2022-05-01 23:50:10,829:INFO:Importing untrained model
2022-05-01 23:50:10,833:INFO:Linear Discriminant Analysis Imported succesfully
2022-05-01 23:50:10,841:INFO:Starting cross validation
2022-05-01 23:50:10,841:INFO:Cross validating with StratifiedKFold(n_splits=10, random_state=None, shuffle=False), n_jobs=-1
2022-05-01 23:50:13,435:INFO:Calculating mean and std
2022-05-01 23:50:13,437:INFO:Creating metrics dataframe
2022-05-01 23:50:13,461:INFO:Uploading results into container
2022-05-01 23:50:13,461:INFO:Uploading model into container now
2022-05-01 23:50:13,461:INFO:create_model_container: 12
2022-05-01 23:50:13,461:INFO:master_model_container: 12
2022-05-01 23:50:13,461:INFO:display_container: 2
2022-05-01 23:50:13,461:INFO:LinearDiscriminantAnalysis(n_components=None, priors=None, shrinkage=None,
                           solver='svd', store_covariance=False, tol=0.0001)
2022-05-01 23:50:13,461:INFO:create_model() succesfully completed......................................
2022-05-01 23:50:13,540:INFO:SubProcess create_model() end ==================================
2022-05-01 23:50:13,540:INFO:Creating metrics dataframe
2022-05-01 23:50:13,552:INFO:Initializing Extra Trees Classifier
2022-05-01 23:50:13,552:INFO:Total runtime is 1.5497583071390788 minutes
2022-05-01 23:50:13,557:INFO:SubProcess create_model() called ==================================
2022-05-01 23:50:13,557:INFO:Initializing create_model()
2022-05-01 23:50:13,557:INFO:create_model(estimator=et, fold=StratifiedKFold(n_splits=10, random_state=None, shuffle=False), round=4, cross_validation=True, predict=True, fit_kwargs={}, groups=None, refit=False, verbose=False, system=False, metrics=None, display=<pycaret.internal.Display.Display object at 0x7f423c893490>, kwargs={})
2022-05-01 23:50:13,557:INFO:Checking exceptions
2022-05-01 23:50:13,557:INFO:Importing libraries
2022-05-01 23:50:13,557:INFO:Copying training dataset
2022-05-01 23:50:13,559:INFO:Defining folds
2022-05-01 23:50:13,559:INFO:Declaring metric variables
2022-05-01 23:50:13,563:INFO:Importing untrained model
2022-05-01 23:50:13,567:INFO:Extra Trees Classifier Imported succesfully
2022-05-01 23:50:13,574:INFO:Starting cross validation
2022-05-01 23:50:13,574:INFO:Cross validating with StratifiedKFold(n_splits=10, random_state=None, shuffle=False), n_jobs=-1
2022-05-01 23:50:26,041:INFO:Calculating mean and std
2022-05-01 23:50:26,043:INFO:Creating metrics dataframe
2022-05-01 23:50:26,075:INFO:Uploading results into container
2022-05-01 23:50:26,076:INFO:Uploading model into container now
2022-05-01 23:50:26,076:INFO:create_model_container: 13
2022-05-01 23:50:26,076:INFO:master_model_container: 13
2022-05-01 23:50:26,076:INFO:display_container: 2
2022-05-01 23:50:26,076:INFO:ExtraTreesClassifier(bootstrap=False, ccp_alpha=0.0, class_weight=None,
                     criterion='gini', max_depth=None, max_features='auto',
                     max_leaf_nodes=None, max_samples=None,
                     min_impurity_decrease=0.0, min_impurity_split=None,
                     min_samples_leaf=1, min_samples_split=2,
                     min_weight_fraction_leaf=0.0, n_estimators=100, n_jobs=-1,
                     oob_score=False, random_state=33, verbose=0,
                     warm_start=False)
2022-05-01 23:50:26,076:INFO:create_model() succesfully completed......................................
2022-05-01 23:50:26,158:INFO:SubProcess create_model() end ==================================
2022-05-01 23:50:26,159:INFO:Creating metrics dataframe
2022-05-01 23:50:26,174:INFO:Initializing Extreme Gradient Boosting
2022-05-01 23:50:26,174:INFO:Total runtime is 1.7601152499516806 minutes
2022-05-01 23:50:26,178:INFO:SubProcess create_model() called ==================================
2022-05-01 23:50:26,178:INFO:Initializing create_model()
2022-05-01 23:50:26,178:INFO:create_model(estimator=xgboost, fold=StratifiedKFold(n_splits=10, random_state=None, shuffle=False), round=4, cross_validation=True, predict=True, fit_kwargs={}, groups=None, refit=False, verbose=False, system=False, metrics=None, display=<pycaret.internal.Display.Display object at 0x7f423c893490>, kwargs={})
2022-05-01 23:50:26,178:INFO:Checking exceptions
2022-05-01 23:50:26,178:INFO:Importing libraries
2022-05-01 23:50:26,178:INFO:Copying training dataset
2022-05-01 23:50:26,179:INFO:Defining folds
2022-05-01 23:50:26,179:INFO:Declaring metric variables
2022-05-01 23:50:26,182:INFO:Importing untrained model
2022-05-01 23:50:26,186:INFO:Extreme Gradient Boosting Imported succesfully
2022-05-01 23:50:26,192:INFO:Starting cross validation
2022-05-01 23:50:26,193:INFO:Cross validating with StratifiedKFold(n_splits=10, random_state=None, shuffle=False), n_jobs=-1
2022-05-01 23:58:22,481:WARNING:create_model() for xgboost raised an exception or returned all 0.0, trying without fit_kwargs:
2022-05-01 23:58:22,485:WARNING:Traceback (most recent call last):
  File "/home/luis/.local/lib/python3.9/site-packages/pycaret/internal/tabular.py", line 2166, in compare_models
    model, model_fit_time = create_model_supervised(
  File "/home/luis/.local/lib/python3.9/site-packages/pycaret/internal/tabular.py", line 3115, in create_model_supervised
    scores = cross_validate(
  File "/home/luis/.local/lib/python3.9/site-packages/sklearn/utils/validation.py", line 72, in inner_f
    return f(**kwargs)
  File "/home/luis/.local/lib/python3.9/site-packages/sklearn/model_selection/_validation.py", line 242, in cross_validate
    scores = parallel(
  File "/home/luis/.local/lib/python3.9/site-packages/joblib/parallel.py", line 1054, in __call__
    self.retrieve()
  File "/home/luis/.local/lib/python3.9/site-packages/joblib/parallel.py", line 933, in retrieve
    self._output.extend(job.get(timeout=self.timeout))
  File "/home/luis/.local/lib/python3.9/site-packages/joblib/_parallel_backends.py", line 542, in wrap_future_result
    return future.result(timeout=timeout)
  File "/usr/lib/python3.9/concurrent/futures/_base.py", line 440, in result
    self._condition.wait(timeout)
  File "/usr/lib/python3.9/threading.py", line 312, in wait
    waiter.acquire()
KeyboardInterrupt

2022-05-01 23:58:22,485:INFO:Initializing create_model()
2022-05-01 23:58:22,485:INFO:create_model(estimator=xgboost, fold=StratifiedKFold(n_splits=10, random_state=None, shuffle=False), round=4, cross_validation=True, predict=True, fit_kwargs=None, groups=None, refit=False, verbose=False, system=False, metrics=None, display=<pycaret.internal.Display.Display object at 0x7f423c893490>, kwargs={})
2022-05-01 23:58:22,485:INFO:Checking exceptions
2022-05-01 23:58:22,485:INFO:Importing libraries
2022-05-01 23:58:22,485:INFO:Copying training dataset
2022-05-01 23:58:22,487:INFO:Defining folds
2022-05-01 23:58:22,487:INFO:Declaring metric variables
2022-05-01 23:58:22,492:INFO:Importing untrained model
2022-05-01 23:58:22,496:INFO:Extreme Gradient Boosting Imported succesfully
2022-05-01 23:58:22,502:INFO:Starting cross validation
2022-05-01 23:58:22,503:INFO:Cross validating with StratifiedKFold(n_splits=10, random_state=None, shuffle=False), n_jobs=-1
2022-05-01 23:58:30,913:ERROR:create_model() for xgboost raised an exception:
2022-05-01 23:58:30,914:ERROR:Traceback (most recent call last):
  File "/home/luis/.local/lib/python3.9/site-packages/pycaret/internal/tabular.py", line 2166, in compare_models
    model, model_fit_time = create_model_supervised(
  File "/home/luis/.local/lib/python3.9/site-packages/pycaret/internal/tabular.py", line 3115, in create_model_supervised
    scores = cross_validate(
  File "/home/luis/.local/lib/python3.9/site-packages/sklearn/utils/validation.py", line 72, in inner_f
    return f(**kwargs)
  File "/home/luis/.local/lib/python3.9/site-packages/sklearn/model_selection/_validation.py", line 242, in cross_validate
    scores = parallel(
  File "/home/luis/.local/lib/python3.9/site-packages/joblib/parallel.py", line 1054, in __call__
    self.retrieve()
  File "/home/luis/.local/lib/python3.9/site-packages/joblib/parallel.py", line 933, in retrieve
    self._output.extend(job.get(timeout=self.timeout))
  File "/home/luis/.local/lib/python3.9/site-packages/joblib/_parallel_backends.py", line 542, in wrap_future_result
    return future.result(timeout=timeout)
  File "/usr/lib/python3.9/concurrent/futures/_base.py", line 440, in result
    self._condition.wait(timeout)
  File "/usr/lib/python3.9/threading.py", line 312, in wait
    waiter.acquire()
KeyboardInterrupt

During handling of the above exception, another exception occurred:

Traceback (most recent call last):
  File "/home/luis/.local/lib/python3.9/site-packages/pycaret/internal/tabular.py", line 2186, in compare_models
    model, model_fit_time = create_model_supervised(
  File "/home/luis/.local/lib/python3.9/site-packages/pycaret/internal/tabular.py", line 3115, in create_model_supervised
    scores = cross_validate(
  File "/home/luis/.local/lib/python3.9/site-packages/sklearn/utils/validation.py", line 72, in inner_f
    return f(**kwargs)
  File "/home/luis/.local/lib/python3.9/site-packages/sklearn/model_selection/_validation.py", line 242, in cross_validate
    scores = parallel(
  File "/home/luis/.local/lib/python3.9/site-packages/joblib/parallel.py", line 1054, in __call__
    self.retrieve()
  File "/home/luis/.local/lib/python3.9/site-packages/joblib/parallel.py", line 933, in retrieve
    self._output.extend(job.get(timeout=self.timeout))
  File "/home/luis/.local/lib/python3.9/site-packages/joblib/_parallel_backends.py", line 542, in wrap_future_result
    return future.result(timeout=timeout)
  File "/usr/lib/python3.9/concurrent/futures/_base.py", line 440, in result
    self._condition.wait(timeout)
  File "/usr/lib/python3.9/threading.py", line 312, in wait
    waiter.acquire()
KeyboardInterrupt

2022-05-01 23:58:30,914:INFO:Initializing Light Gradient Boosting Machine
2022-05-01 23:58:30,914:INFO:Total runtime is 9.839118711153667 minutes
2022-05-01 23:58:30,919:INFO:SubProcess create_model() called ==================================
2022-05-01 23:58:30,919:INFO:Initializing create_model()
2022-05-01 23:58:30,919:INFO:create_model(estimator=lightgbm, fold=StratifiedKFold(n_splits=10, random_state=None, shuffle=False), round=4, cross_validation=True, predict=True, fit_kwargs={}, groups=None, refit=False, verbose=False, system=False, metrics=None, display=<pycaret.internal.Display.Display object at 0x7f423c893490>, kwargs={})
2022-05-01 23:58:30,919:INFO:Checking exceptions
2022-05-01 23:58:30,920:INFO:Importing libraries
2022-05-01 23:58:30,920:INFO:Copying training dataset
2022-05-01 23:58:30,921:INFO:Defining folds
2022-05-01 23:58:30,922:INFO:Declaring metric variables
2022-05-01 23:58:30,926:INFO:Importing untrained model
2022-05-01 23:58:30,930:INFO:Light Gradient Boosting Machine Imported succesfully
2022-05-01 23:58:30,937:INFO:Starting cross validation
2022-05-01 23:58:30,938:INFO:Cross validating with StratifiedKFold(n_splits=10, random_state=None, shuffle=False), n_jobs=-1
2022-05-01 23:58:31,755:WARNING:create_model() for lightgbm raised an exception or returned all 0.0, trying without fit_kwargs:
2022-05-01 23:58:31,756:WARNING:Traceback (most recent call last):
  File "/home/luis/.local/lib/python3.9/site-packages/pycaret/internal/tabular.py", line 2166, in compare_models
    model, model_fit_time = create_model_supervised(
  File "/home/luis/.local/lib/python3.9/site-packages/pycaret/internal/tabular.py", line 3115, in create_model_supervised
    scores = cross_validate(
  File "/home/luis/.local/lib/python3.9/site-packages/sklearn/utils/validation.py", line 72, in inner_f
    return f(**kwargs)
  File "/home/luis/.local/lib/python3.9/site-packages/sklearn/model_selection/_validation.py", line 242, in cross_validate
    scores = parallel(
  File "/home/luis/.local/lib/python3.9/site-packages/joblib/parallel.py", line 1054, in __call__
    self.retrieve()
  File "/home/luis/.local/lib/python3.9/site-packages/joblib/parallel.py", line 933, in retrieve
    self._output.extend(job.get(timeout=self.timeout))
  File "/home/luis/.local/lib/python3.9/site-packages/joblib/_parallel_backends.py", line 542, in wrap_future_result
    return future.result(timeout=timeout)
  File "/usr/lib/python3.9/concurrent/futures/_base.py", line 440, in result
    self._condition.wait(timeout)
  File "/usr/lib/python3.9/threading.py", line 312, in wait
    waiter.acquire()
KeyboardInterrupt

2022-05-01 23:58:31,756:INFO:Initializing create_model()
2022-05-01 23:58:31,756:INFO:create_model(estimator=lightgbm, fold=StratifiedKFold(n_splits=10, random_state=None, shuffle=False), round=4, cross_validation=True, predict=True, fit_kwargs=None, groups=None, refit=False, verbose=False, system=False, metrics=None, display=<pycaret.internal.Display.Display object at 0x7f423c893490>, kwargs={})
2022-05-01 23:58:31,756:INFO:Checking exceptions
2022-05-01 23:58:31,756:INFO:Importing libraries
2022-05-01 23:58:31,756:INFO:Copying training dataset
2022-05-01 23:58:31,759:INFO:Defining folds
2022-05-01 23:58:31,759:INFO:Declaring metric variables
2022-05-01 23:58:31,764:INFO:Importing untrained model
2022-05-01 23:58:31,768:INFO:Light Gradient Boosting Machine Imported succesfully
2022-05-01 23:58:31,776:INFO:Starting cross validation
2022-05-01 23:58:31,777:INFO:Cross validating with StratifiedKFold(n_splits=10, random_state=None, shuffle=False), n_jobs=-1
2022-05-02 00:00:24,423:INFO:PyCaret Supervised Module
2022-05-02 00:00:24,423:INFO:ML Usecase: classification
2022-05-02 00:00:24,423:INFO:version 2.3.3
2022-05-02 00:00:24,424:INFO:Initializing setup()
2022-05-02 00:00:24,425:INFO:setup(target=aderencia_campanha, ml_usecase=classification, available_plots={'parameter': 'Hyperparameters', 'auc': 'AUC', 'confusion_matrix': 'Confusion Matrix', 'threshold': 'Threshold', 'pr': 'Precision Recall', 'error': 'Prediction Error', 'class_report': 'Class Report', 'rfe': 'Feature Selection', 'learning': 'Learning Curve', 'manifold': 'Manifold Learning', 'calibration': 'Calibration Curve', 'vc': 'Validation Curve', 'dimension': 'Dimensions', 'feature': 'Feature Importance', 'feature_all': 'Feature Importance (All)', 'boundary': 'Decision Boundary', 'lift': 'Lift Chart', 'gain': 'Gain Chart', 'tree': 'Decision Tree', 'ks': 'KS Statistic Plot'}, train_size=0.7, test_data=None, preprocess=True, imputation_type=simple, iterative_imputation_iters=5, categorical_features=None, categorical_imputation=constant, categorical_iterative_imputer=lightgbm, ordinal_features=None, high_cardinality_features=None, high_cardinality_method=frequency, numeric_features=None, numeric_imputation=mean, numeric_iterative_imputer=lightgbm, date_features=None, ignore_features=None, normalize=False, normalize_method=zscore, transformation=False, transformation_method=yeo-johnson, handle_unknown_categorical=True, unknown_categorical_method=least_frequent, pca=False, pca_method=linear, pca_components=None, ignore_low_variance=False, combine_rare_levels=False, rare_level_threshold=0.1, bin_numeric_features=None, remove_outliers=False, outliers_threshold=0.05, remove_multicollinearity=False, multicollinearity_threshold=0.9, remove_perfect_collinearity=True, create_clusters=False, cluster_iter=20, polynomial_features=False, polynomial_degree=2, trigonometry_features=False, polynomial_threshold=0.1, group_features=None, group_names=None, feature_selection=False, feature_selection_threshold=0.8, feature_selection_method=classic, feature_interaction=False, feature_ratio=False, interaction_threshold=0.01, fix_imbalance=False, fix_imbalance_method=None, transform_target=False, transform_target_method=box-cox, data_split_shuffle=True, data_split_stratify=False, fold_strategy=stratifiedkfold, fold=10, fold_shuffle=False, fold_groups=None, n_jobs=-1, use_gpu=False, custom_pipeline=None, html=True, session_id=33, log_experiment=False, experiment_name=None, log_plots=False, log_profile=False, log_data=False, silent=False, verbose=True, profile=False, profile_kwargs=None, display=None)
2022-05-02 00:00:24,425:INFO:Checking environment
2022-05-02 00:00:24,425:INFO:python_version: 3.9.5
2022-05-02 00:00:24,425:INFO:python_build: ('default', 'Nov 18 2021 16:00:48')
2022-05-02 00:00:24,425:INFO:machine: x86_64
2022-05-02 00:00:24,453:INFO:platform: Linux-5.11.0-49-generic-x86_64-with-glibc2.33
2022-05-02 00:00:24,454:WARNING:cannot find psutil installation. memory not traceable. Install psutil using pip to enable memory logging.
2022-05-02 00:00:24,454:INFO:Checking libraries
2022-05-02 00:00:24,454:INFO:pd==1.4.2
2022-05-02 00:00:24,454:INFO:numpy==1.22.3
2022-05-02 00:00:24,454:INFO:sklearn==0.23.2
2022-05-02 00:00:24,454:INFO:lightgbm==3.2.1
2022-05-02 00:00:24,454:WARNING:catboost not found
2022-05-02 00:00:24,454:INFO:xgboost==1.5.0
2022-05-02 00:00:24,651:INFO:mlflow==1.20.2
2022-05-02 00:00:24,651:INFO:Checking Exceptions
2022-05-02 00:00:24,651:INFO:Declaring global variables
2022-05-02 00:00:24,651:INFO:USI: 75d2
2022-05-02 00:00:24,651:INFO:pycaret_globals: {'_internal_pipeline', 'y', 'seed', 'display_container', 'fix_imbalance_param', 'X_train', 'fold_shuffle_param', 'fold_generator', '_available_plots', 'data_before_preprocess', 'stratify_param', 'X_test', 'imputation_regressor', '_all_models', 'y_train', '_all_models_internal', 'fold_groups_param_full', 'master_model_container', 'logging_param', '_all_metrics', '_gpu_n_jobs_param', 'html_param', 'imputation_classifier', 'exp_name_log', 'transform_target_method_param', 'fold_groups_param', 'experiment__', 'prep_pipe', 'pycaret_globals', 'USI', 'n_jobs_param', 'create_model_container', 'transform_target_param', 'X', 'iterative_imputation_iters_param', '_ml_usecase', 'gpu_param', 'target_param', 'log_plots_param', 'fix_imbalance_method_param', 'fold_param', 'y_test'}
2022-05-02 00:00:24,651:INFO:Preparing display monitor
2022-05-02 00:00:24,651:INFO:Preparing display monitor
2022-05-02 00:00:24,657:INFO:Importing libraries
2022-05-02 00:00:24,657:INFO:Copying data for preprocessing
2022-05-02 00:00:24,665:INFO:Declaring preprocessing parameters
2022-05-02 00:00:24,676:INFO:Creating preprocessing pipeline
2022-05-02 00:00:24,771:INFO:Preprocessing pipeline created successfully
2022-05-02 00:00:24,771:ERROR:(Process Exit): setup has been interupted with user command 'quit'. setup must rerun.
2022-05-02 00:00:24,771:INFO:Creating global containers
2022-05-02 00:00:24,772:INFO:Internal pipeline: Pipeline(memory=None, steps=[('empty_step', 'passthrough')], verbose=False)
2022-05-02 00:00:34,407:WARNING:Couldn't import catboost.CatBoostClassifier
2022-05-02 00:00:34,452:WARNING:Couldn't import catboost.CatBoostClassifier
2022-05-02 00:00:34,452:INFO:Creating grid variables
2022-05-02 00:00:34,461:INFO:create_model_container: 0
2022-05-02 00:00:34,461:INFO:master_model_container: 0
2022-05-02 00:00:34,461:INFO:display_container: 1
2022-05-02 00:00:34,464:INFO:Pipeline(memory=None,
         steps=[('dtypes',
                 DataTypes_Auto_infer(categorical_features=[],
                                      display_types=True, features_todrop=[],
                                      id_columns=[],
                                      ml_usecase='classification',
                                      numerical_features=[],
                                      target='aderencia_campanha',
                                      time_features=[])),
                ('imputer',
                 Simple_Imputer(categorical_strategy='not_available',
                                fill_value_categorical=None,
                                fill_value_numerical=None,
                                n...
                ('scaling', 'passthrough'), ('P_transform', 'passthrough'),
                ('binn', 'passthrough'), ('rem_outliers', 'passthrough'),
                ('cluster_all', 'passthrough'),
                ('dummy', Dummify(target='aderencia_campanha')),
                ('fix_perfect', Remove_100(target='aderencia_campanha')),
                ('clean_names', Clean_Colum_Names()),
                ('feature_select', 'passthrough'), ('fix_multi', 'passthrough'),
                ('dfs', 'passthrough'), ('pca', 'passthrough')],
         verbose=False)
2022-05-02 00:00:34,464:INFO:setup() succesfully completed......................................
2022-05-02 00:00:34,544:INFO:Initializing compare_models()
2022-05-02 00:00:34,545:INFO:compare_models(include=None, fold=None, round=4, cross_validation=True, sort=Accuracy, n_select=1, budget_time=None, turbo=True, errors=ignore, fit_kwargs=None, groups=None, verbose=True, display=None, exclude=None)
2022-05-02 00:00:34,545:INFO:Checking exceptions
2022-05-02 00:00:34,546:INFO:Preparing display monitor
2022-05-02 00:00:34,546:INFO:Preparing display monitor
2022-05-02 00:00:34,561:INFO:Initializing Logistic Regression
2022-05-02 00:00:34,561:INFO:Total runtime is 1.5536944071451823e-06 minutes
2022-05-02 00:00:34,565:INFO:SubProcess create_model() called ==================================
2022-05-02 00:00:34,565:INFO:Initializing create_model()
2022-05-02 00:00:34,565:INFO:create_model(estimator=lr, fold=StratifiedKFold(n_splits=10, random_state=None, shuffle=False), round=4, cross_validation=True, predict=True, fit_kwargs={}, groups=None, refit=False, verbose=False, system=False, metrics=None, display=<pycaret.internal.Display.Display object at 0x7f8b790c1250>, kwargs={})
2022-05-02 00:00:34,565:INFO:Checking exceptions
2022-05-02 00:00:34,565:INFO:Importing libraries
2022-05-02 00:00:34,565:INFO:Copying training dataset
2022-05-02 00:00:34,569:INFO:Defining folds
2022-05-02 00:00:34,569:INFO:Declaring metric variables
2022-05-02 00:00:34,573:INFO:Importing untrained model
2022-05-02 00:00:34,576:INFO:Logistic Regression Imported succesfully
2022-05-02 00:00:34,583:INFO:Starting cross validation
2022-05-02 00:00:34,584:INFO:Cross validating with StratifiedKFold(n_splits=10, random_state=None, shuffle=False), n_jobs=-1
2022-05-02 00:00:57,380:INFO:Calculating mean and std
2022-05-02 00:00:57,382:INFO:Creating metrics dataframe
2022-05-02 00:00:57,407:INFO:Uploading results into container
2022-05-02 00:00:57,407:INFO:Uploading model into container now
2022-05-02 00:00:57,407:INFO:create_model_container: 1
2022-05-02 00:00:57,407:INFO:master_model_container: 1
2022-05-02 00:00:57,407:INFO:display_container: 2
2022-05-02 00:00:57,407:INFO:LogisticRegression(C=1.0, class_weight=None, dual=False, fit_intercept=True,
                   intercept_scaling=1, l1_ratio=None, max_iter=1000,
                   multi_class='auto', n_jobs=None, penalty='l2',
                   random_state=33, solver='lbfgs', tol=0.0001, verbose=0,
                   warm_start=False)
2022-05-02 00:00:57,407:INFO:create_model() succesfully completed......................................
2022-05-02 00:00:57,495:WARNING:create_model() for LogisticRegression(C=1.0, class_weight=None, dual=False, fit_intercept=True,
                   intercept_scaling=1, l1_ratio=None, max_iter=1000,
                   multi_class='auto', n_jobs=None, penalty='l2',
                   random_state=33, solver='lbfgs', tol=0.0001, verbose=0,
                   warm_start=False) raised an exception or returned all 0.0, trying without fit_kwargs:
2022-05-02 00:00:57,495:WARNING:Traceback (most recent call last):
  File "/home/luis/.local/lib/python3.9/site-packages/pycaret/internal/tabular.py", line 2179, in compare_models
    assert np.sum(model_results.iloc[0]) != 0.0
AssertionError

2022-05-02 00:00:57,495:INFO:Initializing create_model()
2022-05-02 00:00:57,495:INFO:create_model(estimator=LogisticRegression(C=1.0, class_weight=None, dual=False, fit_intercept=True,
                   intercept_scaling=1, l1_ratio=None, max_iter=1000,
                   multi_class='auto', n_jobs=None, penalty='l2',
                   random_state=33, solver='lbfgs', tol=0.0001, verbose=0,
                   warm_start=False), fold=StratifiedKFold(n_splits=10, random_state=None, shuffle=False), round=4, cross_validation=True, predict=True, fit_kwargs=None, groups=None, refit=False, verbose=False, system=False, metrics=None, display=<pycaret.internal.Display.Display object at 0x7f8b790c1250>, kwargs={})
2022-05-02 00:00:57,496:INFO:Checking exceptions
2022-05-02 00:00:57,496:INFO:Importing libraries
2022-05-02 00:00:57,496:INFO:Copying training dataset
2022-05-02 00:00:57,498:INFO:Defining folds
2022-05-02 00:00:57,498:INFO:Declaring metric variables
2022-05-02 00:00:57,502:INFO:Importing untrained model
2022-05-02 00:00:57,502:INFO:Declaring custom model
2022-05-02 00:00:57,505:INFO:Logistic Regression Imported succesfully
2022-05-02 00:00:57,512:INFO:Starting cross validation
2022-05-02 00:00:57,512:INFO:Cross validating with StratifiedKFold(n_splits=10, random_state=None, shuffle=False), n_jobs=-1
2022-05-02 00:01:21,965:INFO:Calculating mean and std
2022-05-02 00:01:21,966:INFO:Creating metrics dataframe
2022-05-02 00:01:21,990:INFO:Uploading results into container
2022-05-02 00:01:21,990:INFO:Uploading model into container now
2022-05-02 00:01:21,990:INFO:create_model_container: 2
2022-05-02 00:01:21,990:INFO:master_model_container: 2
2022-05-02 00:01:21,990:INFO:display_container: 2
2022-05-02 00:01:21,991:INFO:LogisticRegression(C=1.0, class_weight=None, dual=False, fit_intercept=True,
                   intercept_scaling=1, l1_ratio=None, max_iter=1000,
                   multi_class='auto', n_jobs=None, penalty='l2',
                   random_state=33, solver='lbfgs', tol=0.0001, verbose=0,
                   warm_start=False)
2022-05-02 00:01:21,992:INFO:create_model() succesfully completed......................................
2022-05-02 00:01:22,116:INFO:SubProcess create_model() end ==================================
2022-05-02 00:01:22,116:INFO:Creating metrics dataframe
2022-05-02 00:01:22,131:INFO:Initializing K Neighbors Classifier
2022-05-02 00:01:22,131:INFO:Total runtime is 0.7928380846977233 minutes
2022-05-02 00:01:22,136:INFO:SubProcess create_model() called ==================================
2022-05-02 00:01:22,136:INFO:Initializing create_model()
2022-05-02 00:01:22,136:INFO:create_model(estimator=knn, fold=StratifiedKFold(n_splits=10, random_state=None, shuffle=False), round=4, cross_validation=True, predict=True, fit_kwargs={}, groups=None, refit=False, verbose=False, system=False, metrics=None, display=<pycaret.internal.Display.Display object at 0x7f8b790c1250>, kwargs={})
2022-05-02 00:01:22,136:INFO:Checking exceptions
2022-05-02 00:01:22,136:INFO:Importing libraries
2022-05-02 00:01:22,136:INFO:Copying training dataset
2022-05-02 00:01:22,138:INFO:Defining folds
2022-05-02 00:01:22,139:INFO:Declaring metric variables
2022-05-02 00:01:22,143:INFO:Importing untrained model
2022-05-02 00:01:22,149:INFO:K Neighbors Classifier Imported succesfully
2022-05-02 00:01:22,158:INFO:Starting cross validation
2022-05-02 00:01:22,158:INFO:Cross validating with StratifiedKFold(n_splits=10, random_state=None, shuffle=False), n_jobs=-1
2022-05-02 00:01:30,789:INFO:Calculating mean and std
2022-05-02 00:01:30,790:INFO:Creating metrics dataframe
2022-05-02 00:01:30,811:INFO:Uploading results into container
2022-05-02 00:01:30,811:INFO:Uploading model into container now
2022-05-02 00:01:30,811:INFO:create_model_container: 3
2022-05-02 00:01:30,811:INFO:master_model_container: 3
2022-05-02 00:01:30,811:INFO:display_container: 2
2022-05-02 00:01:30,811:INFO:KNeighborsClassifier(algorithm='auto', leaf_size=30, metric='minkowski',
                     metric_params=None, n_jobs=-1, n_neighbors=5, p=2,
                     weights='uniform')
2022-05-02 00:01:30,811:INFO:create_model() succesfully completed......................................
2022-05-02 00:01:30,897:INFO:SubProcess create_model() end ==================================
2022-05-02 00:01:30,897:INFO:Creating metrics dataframe
2022-05-02 00:01:30,909:INFO:Initializing Naive Bayes
2022-05-02 00:01:30,909:INFO:Total runtime is 0.9391299605369567 minutes
2022-05-02 00:01:30,913:INFO:SubProcess create_model() called ==================================
2022-05-02 00:01:30,913:INFO:Initializing create_model()
2022-05-02 00:01:30,913:INFO:create_model(estimator=nb, fold=StratifiedKFold(n_splits=10, random_state=None, shuffle=False), round=4, cross_validation=True, predict=True, fit_kwargs={}, groups=None, refit=False, verbose=False, system=False, metrics=None, display=<pycaret.internal.Display.Display object at 0x7f8b790c1250>, kwargs={})
2022-05-02 00:01:30,913:INFO:Checking exceptions
2022-05-02 00:01:30,913:INFO:Importing libraries
2022-05-02 00:01:30,913:INFO:Copying training dataset
2022-05-02 00:01:30,915:INFO:Defining folds
2022-05-02 00:01:30,915:INFO:Declaring metric variables
2022-05-02 00:01:30,919:INFO:Importing untrained model
2022-05-02 00:01:30,922:INFO:Naive Bayes Imported succesfully
2022-05-02 00:01:30,930:INFO:Starting cross validation
2022-05-02 00:01:30,930:INFO:Cross validating with StratifiedKFold(n_splits=10, random_state=None, shuffle=False), n_jobs=-1
2022-05-02 00:01:31,385:INFO:Calculating mean and std
2022-05-02 00:01:31,386:INFO:Creating metrics dataframe
2022-05-02 00:01:31,403:INFO:Uploading results into container
2022-05-02 00:01:31,403:INFO:Uploading model into container now
2022-05-02 00:01:31,403:INFO:create_model_container: 4
2022-05-02 00:01:31,403:INFO:master_model_container: 4
2022-05-02 00:01:31,403:INFO:display_container: 2
2022-05-02 00:01:31,403:INFO:GaussianNB(priors=None, var_smoothing=1e-09)
2022-05-02 00:01:31,403:INFO:create_model() succesfully completed......................................
2022-05-02 00:01:31,491:INFO:SubProcess create_model() end ==================================
2022-05-02 00:01:31,491:INFO:Creating metrics dataframe
2022-05-02 00:01:31,506:INFO:Initializing Decision Tree Classifier
2022-05-02 00:01:31,506:INFO:Total runtime is 0.9490894635518391 minutes
2022-05-02 00:01:31,511:INFO:SubProcess create_model() called ==================================
2022-05-02 00:01:31,511:INFO:Initializing create_model()
2022-05-02 00:01:31,511:INFO:create_model(estimator=dt, fold=StratifiedKFold(n_splits=10, random_state=None, shuffle=False), round=4, cross_validation=True, predict=True, fit_kwargs={}, groups=None, refit=False, verbose=False, system=False, metrics=None, display=<pycaret.internal.Display.Display object at 0x7f8b790c1250>, kwargs={})
2022-05-02 00:01:31,511:INFO:Checking exceptions
2022-05-02 00:01:31,512:INFO:Importing libraries
2022-05-02 00:01:31,512:INFO:Copying training dataset
2022-05-02 00:01:31,513:INFO:Defining folds
2022-05-02 00:01:31,514:INFO:Declaring metric variables
2022-05-02 00:01:31,519:INFO:Importing untrained model
2022-05-02 00:01:31,523:INFO:Decision Tree Classifier Imported succesfully
2022-05-02 00:01:31,544:INFO:Starting cross validation
2022-05-02 00:01:31,544:INFO:Cross validating with StratifiedKFold(n_splits=10, random_state=None, shuffle=False), n_jobs=-1
2022-05-02 00:01:32,568:INFO:Calculating mean and std
2022-05-02 00:01:32,569:INFO:Creating metrics dataframe
2022-05-02 00:01:32,589:INFO:Uploading results into container
2022-05-02 00:01:32,589:INFO:Uploading model into container now
2022-05-02 00:01:32,589:INFO:create_model_container: 5
2022-05-02 00:01:32,589:INFO:master_model_container: 5
2022-05-02 00:01:32,589:INFO:display_container: 2
2022-05-02 00:01:32,590:INFO:DecisionTreeClassifier(ccp_alpha=0.0, class_weight=None, criterion='gini',
                       max_depth=None, max_features=None, max_leaf_nodes=None,
                       min_impurity_decrease=0.0, min_impurity_split=None,
                       min_samples_leaf=1, min_samples_split=2,
                       min_weight_fraction_leaf=0.0, presort='deprecated',
                       random_state=33, splitter='best')
2022-05-02 00:01:32,590:INFO:create_model() succesfully completed......................................
2022-05-02 00:01:32,679:INFO:SubProcess create_model() end ==================================
2022-05-02 00:01:32,679:INFO:Creating metrics dataframe
2022-05-02 00:01:32,694:INFO:Initializing SVM - Linear Kernel
2022-05-02 00:01:32,694:INFO:Total runtime is 0.9688845952351887 minutes
2022-05-02 00:01:32,699:INFO:SubProcess create_model() called ==================================
2022-05-02 00:01:32,699:INFO:Initializing create_model()
2022-05-02 00:01:32,699:INFO:create_model(estimator=svm, fold=StratifiedKFold(n_splits=10, random_state=None, shuffle=False), round=4, cross_validation=True, predict=True, fit_kwargs={}, groups=None, refit=False, verbose=False, system=False, metrics=None, display=<pycaret.internal.Display.Display object at 0x7f8b790c1250>, kwargs={})
2022-05-02 00:01:32,699:INFO:Checking exceptions
2022-05-02 00:01:32,699:INFO:Importing libraries
2022-05-02 00:01:32,699:INFO:Copying training dataset
2022-05-02 00:01:32,700:INFO:Defining folds
2022-05-02 00:01:32,701:INFO:Declaring metric variables
2022-05-02 00:01:32,704:INFO:Importing untrained model
2022-05-02 00:01:32,708:INFO:SVM - Linear Kernel Imported succesfully
2022-05-02 00:01:32,717:INFO:Starting cross validation
2022-05-02 00:01:32,718:INFO:Cross validating with StratifiedKFold(n_splits=10, random_state=None, shuffle=False), n_jobs=-1
2022-05-02 00:01:41,431:INFO:Calculating mean and std
2022-05-02 00:01:41,432:INFO:Creating metrics dataframe
2022-05-02 00:01:41,450:INFO:Uploading results into container
2022-05-02 00:01:41,450:INFO:Uploading model into container now
2022-05-02 00:01:41,450:INFO:create_model_container: 6
2022-05-02 00:01:41,450:INFO:master_model_container: 6
2022-05-02 00:01:41,450:INFO:display_container: 2
2022-05-02 00:01:41,451:INFO:SGDClassifier(alpha=0.0001, average=False, class_weight=None,
              early_stopping=False, epsilon=0.1, eta0=0.001, fit_intercept=True,
              l1_ratio=0.15, learning_rate='optimal', loss='hinge',
              max_iter=1000, n_iter_no_change=5, n_jobs=-1, penalty='l2',
              power_t=0.5, random_state=33, shuffle=True, tol=0.001,
              validation_fraction=0.1, verbose=0, warm_start=False)
2022-05-02 00:01:41,451:INFO:create_model() succesfully completed......................................
2022-05-02 00:01:41,549:INFO:SubProcess create_model() end ==================================
2022-05-02 00:01:41,549:INFO:Creating metrics dataframe
2022-05-02 00:01:41,565:INFO:Initializing Ridge Classifier
2022-05-02 00:01:41,565:INFO:Total runtime is 1.11674028635025 minutes
2022-05-02 00:01:41,570:INFO:SubProcess create_model() called ==================================
2022-05-02 00:01:41,571:INFO:Initializing create_model()
2022-05-02 00:01:41,571:INFO:create_model(estimator=ridge, fold=StratifiedKFold(n_splits=10, random_state=None, shuffle=False), round=4, cross_validation=True, predict=True, fit_kwargs={}, groups=None, refit=False, verbose=False, system=False, metrics=None, display=<pycaret.internal.Display.Display object at 0x7f8b790c1250>, kwargs={})
2022-05-02 00:01:41,571:INFO:Checking exceptions
2022-05-02 00:01:41,571:INFO:Importing libraries
2022-05-02 00:01:41,571:INFO:Copying training dataset
2022-05-02 00:01:41,584:INFO:Defining folds
2022-05-02 00:01:41,584:INFO:Declaring metric variables
2022-05-02 00:01:41,590:INFO:Importing untrained model
2022-05-02 00:01:41,594:INFO:Ridge Classifier Imported succesfully
2022-05-02 00:01:41,603:INFO:Starting cross validation
2022-05-02 00:01:41,604:INFO:Cross validating with StratifiedKFold(n_splits=10, random_state=None, shuffle=False), n_jobs=-1
2022-05-02 00:01:42,025:INFO:Calculating mean and std
2022-05-02 00:01:42,026:INFO:Creating metrics dataframe
2022-05-02 00:01:42,045:INFO:Uploading results into container
2022-05-02 00:01:42,045:INFO:Uploading model into container now
2022-05-02 00:01:42,045:INFO:create_model_container: 7
2022-05-02 00:01:42,045:INFO:master_model_container: 7
2022-05-02 00:01:42,045:INFO:display_container: 2
2022-05-02 00:01:42,045:INFO:RidgeClassifier(alpha=1.0, class_weight=None, copy_X=True, fit_intercept=True,
                max_iter=None, normalize=False, random_state=33, solver='auto',
                tol=0.001)
2022-05-02 00:01:42,045:INFO:create_model() succesfully completed......................................
2022-05-02 00:01:42,146:INFO:SubProcess create_model() end ==================================
2022-05-02 00:01:42,147:INFO:Creating metrics dataframe
2022-05-02 00:01:42,161:INFO:Initializing Random Forest Classifier
2022-05-02 00:01:42,161:INFO:Total runtime is 1.1266638557116189 minutes
2022-05-02 00:01:42,166:INFO:SubProcess create_model() called ==================================
2022-05-02 00:01:42,166:INFO:Initializing create_model()
2022-05-02 00:01:42,166:INFO:create_model(estimator=rf, fold=StratifiedKFold(n_splits=10, random_state=None, shuffle=False), round=4, cross_validation=True, predict=True, fit_kwargs={}, groups=None, refit=False, verbose=False, system=False, metrics=None, display=<pycaret.internal.Display.Display object at 0x7f8b790c1250>, kwargs={})
2022-05-02 00:01:42,166:INFO:Checking exceptions
2022-05-02 00:01:42,166:INFO:Importing libraries
2022-05-02 00:01:42,166:INFO:Copying training dataset
2022-05-02 00:01:42,168:INFO:Defining folds
2022-05-02 00:01:42,168:INFO:Declaring metric variables
2022-05-02 00:01:42,172:INFO:Importing untrained model
2022-05-02 00:01:42,176:INFO:Random Forest Classifier Imported succesfully
2022-05-02 00:01:42,185:INFO:Starting cross validation
2022-05-02 00:01:42,185:INFO:Cross validating with StratifiedKFold(n_splits=10, random_state=None, shuffle=False), n_jobs=-1
2022-05-02 00:01:52,199:INFO:Calculating mean and std
2022-05-02 00:01:52,200:INFO:Creating metrics dataframe
2022-05-02 00:01:52,230:INFO:Uploading results into container
2022-05-02 00:01:52,230:INFO:Uploading model into container now
2022-05-02 00:01:52,230:INFO:create_model_container: 8
2022-05-02 00:01:52,230:INFO:master_model_container: 8
2022-05-02 00:01:52,230:INFO:display_container: 2
2022-05-02 00:01:52,231:INFO:RandomForestClassifier(bootstrap=True, ccp_alpha=0.0, class_weight=None,
                       criterion='gini', max_depth=None, max_features='auto',
                       max_leaf_nodes=None, max_samples=None,
                       min_impurity_decrease=0.0, min_impurity_split=None,
                       min_samples_leaf=1, min_samples_split=2,
                       min_weight_fraction_leaf=0.0, n_estimators=100,
                       n_jobs=-1, oob_score=False, random_state=33, verbose=0,
                       warm_start=False)
2022-05-02 00:01:52,231:INFO:create_model() succesfully completed......................................
2022-05-02 00:01:52,325:INFO:SubProcess create_model() end ==================================
2022-05-02 00:01:52,325:INFO:Creating metrics dataframe
2022-05-02 00:01:52,338:INFO:Initializing Quadratic Discriminant Analysis
2022-05-02 00:01:52,338:INFO:Total runtime is 1.2962815443674722 minutes
2022-05-02 00:01:52,342:INFO:SubProcess create_model() called ==================================
2022-05-02 00:01:52,342:INFO:Initializing create_model()
2022-05-02 00:01:52,342:INFO:create_model(estimator=qda, fold=StratifiedKFold(n_splits=10, random_state=None, shuffle=False), round=4, cross_validation=True, predict=True, fit_kwargs={}, groups=None, refit=False, verbose=False, system=False, metrics=None, display=<pycaret.internal.Display.Display object at 0x7f8b790c1250>, kwargs={})
2022-05-02 00:01:52,342:INFO:Checking exceptions
2022-05-02 00:01:52,342:INFO:Importing libraries
2022-05-02 00:01:52,342:INFO:Copying training dataset
2022-05-02 00:01:52,345:INFO:Defining folds
2022-05-02 00:01:52,345:INFO:Declaring metric variables
2022-05-02 00:01:52,350:INFO:Importing untrained model
2022-05-02 00:01:52,354:INFO:Quadratic Discriminant Analysis Imported succesfully
2022-05-02 00:01:52,374:INFO:Starting cross validation
2022-05-02 00:01:52,374:INFO:Cross validating with StratifiedKFold(n_splits=10, random_state=None, shuffle=False), n_jobs=-1
2022-05-02 00:01:55,406:INFO:Calculating mean and std
2022-05-02 00:01:55,407:INFO:Creating metrics dataframe
2022-05-02 00:01:55,431:INFO:Uploading results into container
2022-05-02 00:01:55,431:INFO:Uploading model into container now
2022-05-02 00:01:55,431:INFO:create_model_container: 9
2022-05-02 00:01:55,431:INFO:master_model_container: 9
2022-05-02 00:01:55,431:INFO:display_container: 2
2022-05-02 00:01:55,432:INFO:QuadraticDiscriminantAnalysis(priors=None, reg_param=0.0,
                              store_covariance=False, tol=0.0001)
2022-05-02 00:01:55,432:INFO:create_model() succesfully completed......................................
2022-05-02 00:01:55,540:INFO:SubProcess create_model() end ==================================
2022-05-02 00:01:55,540:INFO:Creating metrics dataframe
2022-05-02 00:01:55,555:INFO:Initializing Ada Boost Classifier
2022-05-02 00:01:55,555:INFO:Total runtime is 1.3498994628588357 minutes
2022-05-02 00:01:55,573:INFO:SubProcess create_model() called ==================================
2022-05-02 00:01:55,573:INFO:Initializing create_model()
2022-05-02 00:01:55,573:INFO:create_model(estimator=ada, fold=StratifiedKFold(n_splits=10, random_state=None, shuffle=False), round=4, cross_validation=True, predict=True, fit_kwargs={}, groups=None, refit=False, verbose=False, system=False, metrics=None, display=<pycaret.internal.Display.Display object at 0x7f8b790c1250>, kwargs={})
2022-05-02 00:01:55,573:INFO:Checking exceptions
2022-05-02 00:01:55,573:INFO:Importing libraries
2022-05-02 00:01:55,573:INFO:Copying training dataset
2022-05-02 00:01:55,575:INFO:Defining folds
2022-05-02 00:01:55,575:INFO:Declaring metric variables
2022-05-02 00:01:55,593:INFO:Importing untrained model
2022-05-02 00:01:55,598:INFO:Ada Boost Classifier Imported succesfully
2022-05-02 00:01:55,605:INFO:Starting cross validation
2022-05-02 00:01:55,605:INFO:Cross validating with StratifiedKFold(n_splits=10, random_state=None, shuffle=False), n_jobs=-1
2022-05-02 00:02:00,499:INFO:Calculating mean and std
2022-05-02 00:02:00,500:INFO:Creating metrics dataframe
2022-05-02 00:02:00,514:INFO:Uploading results into container
2022-05-02 00:02:00,514:INFO:Uploading model into container now
2022-05-02 00:02:00,514:INFO:create_model_container: 10
2022-05-02 00:02:00,514:INFO:master_model_container: 10
2022-05-02 00:02:00,514:INFO:display_container: 2
2022-05-02 00:02:00,514:INFO:AdaBoostClassifier(algorithm='SAMME.R', base_estimator=None, learning_rate=1.0,
                   n_estimators=50, random_state=33)
2022-05-02 00:02:00,514:INFO:create_model() succesfully completed......................................
2022-05-02 00:02:00,588:INFO:SubProcess create_model() end ==================================
2022-05-02 00:02:00,588:INFO:Creating metrics dataframe
2022-05-02 00:02:00,601:INFO:Initializing Gradient Boosting Classifier
2022-05-02 00:02:00,601:INFO:Total runtime is 1.43399543762207 minutes
2022-05-02 00:02:00,604:INFO:SubProcess create_model() called ==================================
2022-05-02 00:02:00,604:INFO:Initializing create_model()
2022-05-02 00:02:00,604:INFO:create_model(estimator=gbc, fold=StratifiedKFold(n_splits=10, random_state=None, shuffle=False), round=4, cross_validation=True, predict=True, fit_kwargs={}, groups=None, refit=False, verbose=False, system=False, metrics=None, display=<pycaret.internal.Display.Display object at 0x7f8b790c1250>, kwargs={})
2022-05-02 00:02:00,604:INFO:Checking exceptions
2022-05-02 00:02:00,604:INFO:Importing libraries
2022-05-02 00:02:00,604:INFO:Copying training dataset
2022-05-02 00:02:00,606:INFO:Defining folds
2022-05-02 00:02:00,606:INFO:Declaring metric variables
2022-05-02 00:02:00,609:INFO:Importing untrained model
2022-05-02 00:02:00,612:INFO:Gradient Boosting Classifier Imported succesfully
2022-05-02 00:02:00,618:INFO:Starting cross validation
2022-05-02 00:02:00,618:INFO:Cross validating with StratifiedKFold(n_splits=10, random_state=None, shuffle=False), n_jobs=-1
2022-05-02 00:02:18,485:INFO:Calculating mean and std
2022-05-02 00:02:18,486:INFO:Creating metrics dataframe
2022-05-02 00:02:18,500:INFO:Uploading results into container
2022-05-02 00:02:18,500:INFO:Uploading model into container now
2022-05-02 00:02:18,500:INFO:create_model_container: 11
2022-05-02 00:02:18,500:INFO:master_model_container: 11
2022-05-02 00:02:18,500:INFO:display_container: 2
2022-05-02 00:02:18,501:INFO:GradientBoostingClassifier(ccp_alpha=0.0, criterion='friedman_mse', init=None,
                           learning_rate=0.1, loss='deviance', max_depth=3,
                           max_features=None, max_leaf_nodes=None,
                           min_impurity_decrease=0.0, min_impurity_split=None,
                           min_samples_leaf=1, min_samples_split=2,
                           min_weight_fraction_leaf=0.0, n_estimators=100,
                           n_iter_no_change=None, presort='deprecated',
                           random_state=33, subsample=1.0, tol=0.0001,
                           validation_fraction=0.1, verbose=0,
                           warm_start=False)
2022-05-02 00:02:18,501:INFO:create_model() succesfully completed......................................
2022-05-02 00:02:18,585:INFO:SubProcess create_model() end ==================================
2022-05-02 00:02:18,585:INFO:Creating metrics dataframe
2022-05-02 00:02:18,598:INFO:Initializing Linear Discriminant Analysis
2022-05-02 00:02:18,598:INFO:Total runtime is 1.7339494585990902 minutes
2022-05-02 00:02:18,602:INFO:SubProcess create_model() called ==================================
2022-05-02 00:02:18,602:INFO:Initializing create_model()
2022-05-02 00:02:18,602:INFO:create_model(estimator=lda, fold=StratifiedKFold(n_splits=10, random_state=None, shuffle=False), round=4, cross_validation=True, predict=True, fit_kwargs={}, groups=None, refit=False, verbose=False, system=False, metrics=None, display=<pycaret.internal.Display.Display object at 0x7f8b790c1250>, kwargs={})
2022-05-02 00:02:18,602:INFO:Checking exceptions
2022-05-02 00:02:18,602:INFO:Importing libraries
2022-05-02 00:02:18,602:INFO:Copying training dataset
2022-05-02 00:02:18,604:INFO:Defining folds
2022-05-02 00:02:18,604:INFO:Declaring metric variables
2022-05-02 00:02:18,608:INFO:Importing untrained model
2022-05-02 00:02:18,612:INFO:Linear Discriminant Analysis Imported succesfully
2022-05-02 00:02:18,619:INFO:Starting cross validation
2022-05-02 00:02:18,620:INFO:Cross validating with StratifiedKFold(n_splits=10, random_state=None, shuffle=False), n_jobs=-1
2022-05-02 00:02:22,518:INFO:Calculating mean and std
2022-05-02 00:02:22,519:INFO:Creating metrics dataframe
2022-05-02 00:02:22,540:INFO:Uploading results into container
2022-05-02 00:02:22,540:INFO:Uploading model into container now
2022-05-02 00:02:22,540:INFO:create_model_container: 12
2022-05-02 00:02:22,540:INFO:master_model_container: 12
2022-05-02 00:02:22,540:INFO:display_container: 2
2022-05-02 00:02:22,540:INFO:LinearDiscriminantAnalysis(n_components=None, priors=None, shrinkage=None,
                           solver='svd', store_covariance=False, tol=0.0001)
2022-05-02 00:02:22,540:INFO:create_model() succesfully completed......................................
2022-05-02 00:02:22,625:INFO:SubProcess create_model() end ==================================
2022-05-02 00:02:22,625:INFO:Creating metrics dataframe
2022-05-02 00:02:22,641:INFO:Initializing Extra Trees Classifier
2022-05-02 00:02:22,641:INFO:Total runtime is 1.8013282736142473 minutes
2022-05-02 00:02:22,646:INFO:SubProcess create_model() called ==================================
2022-05-02 00:02:22,646:INFO:Initializing create_model()
2022-05-02 00:02:22,646:INFO:create_model(estimator=et, fold=StratifiedKFold(n_splits=10, random_state=None, shuffle=False), round=4, cross_validation=True, predict=True, fit_kwargs={}, groups=None, refit=False, verbose=False, system=False, metrics=None, display=<pycaret.internal.Display.Display object at 0x7f8b790c1250>, kwargs={})
2022-05-02 00:02:22,646:INFO:Checking exceptions
2022-05-02 00:02:22,646:INFO:Importing libraries
2022-05-02 00:02:22,646:INFO:Copying training dataset
2022-05-02 00:02:22,648:INFO:Defining folds
2022-05-02 00:02:22,648:INFO:Declaring metric variables
2022-05-02 00:02:22,652:INFO:Importing untrained model
2022-05-02 00:02:22,656:INFO:Extra Trees Classifier Imported succesfully
2022-05-02 00:02:22,665:INFO:Starting cross validation
2022-05-02 00:02:22,665:INFO:Cross validating with StratifiedKFold(n_splits=10, random_state=None, shuffle=False), n_jobs=-1
2022-05-02 00:02:37,179:INFO:Calculating mean and std
2022-05-02 00:02:37,180:INFO:Creating metrics dataframe
2022-05-02 00:02:37,198:INFO:Uploading results into container
2022-05-02 00:02:37,198:INFO:Uploading model into container now
2022-05-02 00:02:37,198:INFO:create_model_container: 13
2022-05-02 00:02:37,198:INFO:master_model_container: 13
2022-05-02 00:02:37,198:INFO:display_container: 2
2022-05-02 00:02:37,199:INFO:ExtraTreesClassifier(bootstrap=False, ccp_alpha=0.0, class_weight=None,
                     criterion='gini', max_depth=None, max_features='auto',
                     max_leaf_nodes=None, max_samples=None,
                     min_impurity_decrease=0.0, min_impurity_split=None,
                     min_samples_leaf=1, min_samples_split=2,
                     min_weight_fraction_leaf=0.0, n_estimators=100, n_jobs=-1,
                     oob_score=False, random_state=33, verbose=0,
                     warm_start=False)
2022-05-02 00:02:37,199:INFO:create_model() succesfully completed......................................
2022-05-02 00:02:37,282:INFO:SubProcess create_model() end ==================================
2022-05-02 00:02:37,282:INFO:Creating metrics dataframe
2022-05-02 00:02:37,297:INFO:Initializing Extreme Gradient Boosting
2022-05-02 00:02:37,297:INFO:Total runtime is 2.045600589116414 minutes
2022-05-02 00:02:37,302:INFO:SubProcess create_model() called ==================================
2022-05-02 00:02:37,302:INFO:Initializing create_model()
2022-05-02 00:02:37,302:INFO:create_model(estimator=xgboost, fold=StratifiedKFold(n_splits=10, random_state=None, shuffle=False), round=4, cross_validation=True, predict=True, fit_kwargs={}, groups=None, refit=False, verbose=False, system=False, metrics=None, display=<pycaret.internal.Display.Display object at 0x7f8b790c1250>, kwargs={})
2022-05-02 00:02:37,302:INFO:Checking exceptions
2022-05-02 00:02:37,302:INFO:Importing libraries
2022-05-02 00:02:37,302:INFO:Copying training dataset
2022-05-02 00:02:37,305:INFO:Defining folds
2022-05-02 00:02:37,305:INFO:Declaring metric variables
2022-05-02 00:02:37,311:INFO:Importing untrained model
2022-05-02 00:02:37,330:INFO:Extreme Gradient Boosting Imported succesfully
2022-05-02 00:02:37,341:INFO:Starting cross validation
2022-05-02 00:02:37,342:INFO:Cross validating with StratifiedKFold(n_splits=10, random_state=None, shuffle=False), n_jobs=-1
2022-05-02 00:11:51,937:INFO:Calculating mean and std
2022-05-02 00:11:51,938:INFO:Creating metrics dataframe
2022-05-02 00:11:51,970:INFO:Uploading results into container
2022-05-02 00:11:51,970:INFO:Uploading model into container now
2022-05-02 00:11:51,970:INFO:create_model_container: 14
2022-05-02 00:11:51,970:INFO:master_model_container: 14
2022-05-02 00:11:51,970:INFO:display_container: 2
2022-05-02 00:11:51,971:INFO:XGBClassifier(base_score=None, booster='gbtree', colsample_bylevel=None,
              colsample_bynode=None, colsample_bytree=None,
              enable_categorical=False, gamma=None, gpu_id=None,
              importance_type=None, interaction_constraints=None,
              learning_rate=None, max_delta_step=None, max_depth=None,
              min_child_weight=None, missing=nan, monotone_constraints=None,
              n_estimators=100, n_jobs=-1, num_parallel_tree=None,
              objective='binary:logistic', predictor=None, random_state=33,
              reg_alpha=None, reg_lambda=None, scale_pos_weight=None,
              subsample=None, tree_method='auto', use_label_encoder=True,
              validate_parameters=None, verbosity=0)
2022-05-02 00:11:51,971:INFO:create_model() succesfully completed......................................
2022-05-02 00:11:52,070:INFO:SubProcess create_model() end ==================================
2022-05-02 00:11:52,070:INFO:Creating metrics dataframe
2022-05-02 00:11:52,090:INFO:Initializing Light Gradient Boosting Machine
2022-05-02 00:11:52,090:INFO:Total runtime is 11.292144993940989 minutes
2022-05-02 00:11:52,097:INFO:SubProcess create_model() called ==================================
2022-05-02 00:11:52,098:INFO:Initializing create_model()
2022-05-02 00:11:52,098:INFO:create_model(estimator=lightgbm, fold=StratifiedKFold(n_splits=10, random_state=None, shuffle=False), round=4, cross_validation=True, predict=True, fit_kwargs={}, groups=None, refit=False, verbose=False, system=False, metrics=None, display=<pycaret.internal.Display.Display object at 0x7f8b790c1250>, kwargs={})
2022-05-02 00:11:52,098:INFO:Checking exceptions
2022-05-02 00:11:52,098:INFO:Importing libraries
2022-05-02 00:11:52,098:INFO:Copying training dataset
2022-05-02 00:11:52,100:INFO:Defining folds
2022-05-02 00:11:52,100:INFO:Declaring metric variables
2022-05-02 00:11:52,109:INFO:Importing untrained model
2022-05-02 00:11:52,114:INFO:Light Gradient Boosting Machine Imported succesfully
2022-05-02 00:11:52,123:INFO:Starting cross validation
2022-05-02 00:11:52,123:INFO:Cross validating with StratifiedKFold(n_splits=10, random_state=None, shuffle=False), n_jobs=-1
2022-05-02 00:11:54,067:INFO:Calculating mean and std
2022-05-02 00:11:54,067:INFO:Creating metrics dataframe
2022-05-02 00:11:54,081:INFO:Uploading results into container
2022-05-02 00:11:54,081:INFO:Uploading model into container now
2022-05-02 00:11:54,081:INFO:create_model_container: 15
2022-05-02 00:11:54,081:INFO:master_model_container: 15
2022-05-02 00:11:54,081:INFO:display_container: 2
2022-05-02 00:11:54,082:INFO:LGBMClassifier(boosting_type='gbdt', class_weight=None, colsample_bytree=1.0,
               importance_type='split', learning_rate=0.1, max_depth=-1,
               min_child_samples=20, min_child_weight=0.001, min_split_gain=0.0,
               n_estimators=100, n_jobs=-1, num_leaves=31, objective=None,
               random_state=33, reg_alpha=0.0, reg_lambda=0.0, silent=True,
               subsample=1.0, subsample_for_bin=200000, subsample_freq=0)
2022-05-02 00:11:54,082:INFO:create_model() succesfully completed......................................
2022-05-02 00:11:54,168:INFO:SubProcess create_model() end ==================================
2022-05-02 00:11:54,168:INFO:Creating metrics dataframe
2022-05-02 00:11:54,206:INFO:Initializing create_model()
2022-05-02 00:11:54,206:INFO:create_model(estimator=XGBClassifier(base_score=None, booster='gbtree', colsample_bylevel=None,
              colsample_bynode=None, colsample_bytree=None,
              enable_categorical=False, gamma=None, gpu_id=None,
              importance_type=None, interaction_constraints=None,
              learning_rate=None, max_delta_step=None, max_depth=None,
              min_child_weight=None, missing=nan, monotone_constraints=None,
              n_estimators=100, n_jobs=-1, num_parallel_tree=None,
              objective='binary:logistic', predictor=None, random_state=33,
              reg_alpha=None, reg_lambda=None, scale_pos_weight=None,
              subsample=None, tree_method='auto', use_label_encoder=True,
              validate_parameters=None, verbosity=0), fold=StratifiedKFold(n_splits=10, random_state=None, shuffle=False), round=4, cross_validation=False, predict=False, fit_kwargs={}, groups=None, refit=True, verbose=False, system=False, metrics=None, display=None, kwargs={})
2022-05-02 00:11:54,206:INFO:Checking exceptions
2022-05-02 00:11:54,207:INFO:Importing libraries
2022-05-02 00:11:54,207:INFO:Copying training dataset
2022-05-02 00:11:54,208:INFO:Defining folds
2022-05-02 00:11:54,208:INFO:Declaring metric variables
2022-05-02 00:11:54,208:INFO:Importing untrained model
2022-05-02 00:11:54,208:INFO:Declaring custom model
2022-05-02 00:11:54,209:INFO:Extreme Gradient Boosting Imported succesfully
2022-05-02 00:11:54,210:INFO:Cross validation set to False
2022-05-02 00:11:54,210:INFO:Fitting Model
2022-05-02 00:12:01,277:INFO:XGBClassifier(base_score=0.5, booster='gbtree', colsample_bylevel=1,
              colsample_bynode=1, colsample_bytree=1, enable_categorical=False,
              gamma=0, gpu_id=-1, importance_type=None,
              interaction_constraints='', learning_rate=0.300000012,
              max_delta_step=0, max_depth=6, min_child_weight=1, missing=nan,
              monotone_constraints='()', n_estimators=100, n_jobs=-1,
              num_parallel_tree=1, objective='binary:logistic',
              predictor='auto', random_state=33, reg_alpha=0, reg_lambda=1,
              scale_pos_weight=1, subsample=1, tree_method='auto',
              use_label_encoder=True, validate_parameters=1, verbosity=0)
2022-05-02 00:12:01,277:INFO:create_models() succesfully completed......................................
2022-05-02 00:12:01,369:INFO:create_model_container: 15
2022-05-02 00:12:01,369:INFO:master_model_container: 15
2022-05-02 00:12:01,369:INFO:display_container: 2
2022-05-02 00:12:01,371:INFO:XGBClassifier(base_score=0.5, booster='gbtree', colsample_bylevel=1,
              colsample_bynode=1, colsample_bytree=1, enable_categorical=False,
              gamma=0, gpu_id=-1, importance_type=None,
              interaction_constraints='', learning_rate=0.300000012,
              max_delta_step=0, max_depth=6, min_child_weight=1, missing=nan,
              monotone_constraints='()', n_estimators=100, n_jobs=-1,
              num_parallel_tree=1, objective='binary:logistic',
              predictor='auto', random_state=33, reg_alpha=0, reg_lambda=1,
              scale_pos_weight=1, subsample=1, tree_method='auto',
              use_label_encoder=True, validate_parameters=1, verbosity=0)
2022-05-02 00:12:01,371:INFO:compare_models() succesfully completed......................................
